{"numFailedTestSuites":2,"numFailedTests":0,"numPassedTestSuites":2,"numPassedTests":8,"numPendingTestSuites":0,"numPendingTests":0,"numRuntimeErrorTestSuites":2,"numTodoTests":0,"numTotalTestSuites":4,"numTotalTests":8,"openHandles":[],"snapshot":{"added":0,"didUpdate":false,"failure":false,"filesAdded":0,"filesRemoved":0,"filesRemovedList":[],"filesUnmatched":0,"filesUpdated":0,"matched":0,"total":0,"unchecked":0,"uncheckedKeysByFile":[],"unmatched":0,"updated":0},"startTime":1772149611166,"success":false,"testResults":[{"assertionResults":[{"ancestorTitles":["Editor Enhancements Tests","Undo/Redo System (HistoryManager)"],"duration":4,"failureDetails":[],"failureMessages":[],"fullName":"Editor Enhancements Tests Undo/Redo System (HistoryManager) Should push new state and update current index","invocations":1,"location":null,"numPassingAsserts":3,"retryReasons":[],"status":"passed","title":"Should push new state and update current index"},{"ancestorTitles":["Editor Enhancements Tests","Undo/Redo System (HistoryManager)"],"duration":1,"failureDetails":[],"failureMessages":[],"fullName":"Editor Enhancements Tests Undo/Redo System (HistoryManager) Should undo to previous state and apply it","invocations":1,"location":null,"numPassingAsserts":3,"retryReasons":[],"status":"passed","title":"Should undo to previous state and apply it"},{"ancestorTitles":["Editor Enhancements Tests","Undo/Redo System (HistoryManager)"],"duration":1,"failureDetails":[],"failureMessages":[],"fullName":"Editor Enhancements Tests Undo/Redo System (HistoryManager) Should redo to next state and apply it","invocations":1,"location":null,"numPassingAsserts":3,"retryReasons":[],"status":"passed","title":"Should redo to next state and apply it"},{"ancestorTitles":["Editor Enhancements Tests","Undo/Redo System (HistoryManager)"],"duration":1,"failureDetails":[],"failureMessages":[],"fullName":"Editor Enhancements Tests Undo/Redo System (HistoryManager) Should trim future history if new state pushed after undo","invocations":1,"location":null,"numPassingAsserts":3,"retryReasons":[],"status":"passed","title":"Should trim future history if new state pushed after undo"},{"ancestorTitles":["Editor Enhancements Tests","Autosave Logic Mock"],"duration":0,"failureDetails":[],"failureMessages":[],"fullName":"Editor Enhancements Tests Autosave Logic Mock StateManager.saveDebounced should exist and be callable","invocations":1,"location":null,"numPassingAsserts":1,"retryReasons":[],"status":"passed","title":"StateManager.saveDebounced should exist and be callable"}],"endTime":1772149612233,"message":"","name":"C:\\Users\\TheFo\\Downloads\\nfc\\test\\editor.spec.js","startTime":1772149611671,"status":"passed","summary":""},{"assertionResults":[{"ancestorTitles":["Auth Middleware"],"duration":2,"failureDetails":[],"failureMessages":[],"fullName":"Auth Middleware should return 401 if no token provided","invocations":1,"location":null,"numPassingAsserts":2,"retryReasons":[],"status":"passed","title":"should return 401 if no token provided"},{"ancestorTitles":["Auth Middleware"],"duration":1,"failureDetails":[],"failureMessages":[],"fullName":"Auth Middleware should return 403 if token is invalid","invocations":1,"location":null,"numPassingAsserts":2,"retryReasons":[],"status":"passed","title":"should return 403 if token is invalid"},{"ancestorTitles":["Auth Middleware"],"duration":1,"failureDetails":[],"failureMessages":[],"fullName":"Auth Middleware should call next() and attach user if token is valid","invocations":1,"location":null,"numPassingAsserts":2,"retryReasons":[],"status":"passed","title":"should call next() and attach user if token is valid"}],"endTime":1772149612601,"message":"","name":"C:\\Users\\TheFo\\Downloads\\nfc\\test\\auth-middleware.test.js","startTime":1772149612252,"status":"passed","summary":""},{"assertionResults":[],"coverage":{},"endTime":1772149613528,"message":"  ΓùÅ Test suite failed to run\n\n    Cannot find module 'supertest' from 'test/patch-element.spec.js'\n\n    \u001b[0m \u001b[90m 2 |\u001b[39m \u001b[90m * @jest-environment node\u001b[39m\n     \u001b[90m 3 |\u001b[39m \u001b[90m */\u001b[39m\n    \u001b[31m\u001b[1m>\u001b[22m\u001b[39m\u001b[90m 4 |\u001b[39m \u001b[36mconst\u001b[39m request \u001b[33m=\u001b[39m require(\u001b[32m'supertest'\u001b[39m)\u001b[33m;\u001b[39m\n     \u001b[90m   |\u001b[39m                 \u001b[31m\u001b[1m^\u001b[22m\u001b[39m\n     \u001b[90m 5 |\u001b[39m \u001b[36mconst\u001b[39m jwt \u001b[33m=\u001b[39m require(\u001b[32m'jsonwebtoken'\u001b[39m)\u001b[33m;\u001b[39m\n     \u001b[90m 6 |\u001b[39m\n     \u001b[90m 7 |\u001b[39m \u001b[90m// Mock Redis\u001b[39m\u001b[0m\n\n      at Resolver._throwModNotFoundError (node_modules/jest-resolve/build/resolver.js:427:11)\n      at Object.require (test/patch-element.spec.js:4:17)\n","name":"C:\\Users\\TheFo\\Downloads\\nfc\\test\\patch-element.spec.js","startTime":1772149613528,"status":"failed","summary":""},{"assertionResults":[],"coverage":{},"endTime":1772149613528,"message":"  ΓùÅ Test suite failed to run\n\n    Cannot find module 'supertest' from 'test/api.spec.js'\n\n    \u001b[0m \u001b[90m 2 |\u001b[39m \u001b[90m * @jest-environment node\u001b[39m\n     \u001b[90m 3 |\u001b[39m \u001b[90m */\u001b[39m\n    \u001b[31m\u001b[1m>\u001b[22m\u001b[39m\u001b[90m 4 |\u001b[39m \u001b[36mconst\u001b[39m request \u001b[33m=\u001b[39m require(\u001b[32m'supertest'\u001b[39m)\u001b[33m;\u001b[39m\n     \u001b[90m   |\u001b[39m                 \u001b[31m\u001b[1m^\u001b[22m\u001b[39m\n     \u001b[90m 5 |\u001b[39m \u001b[36mconst\u001b[39m bcrypt \u001b[33m=\u001b[39m require(\u001b[32m'bcryptjs'\u001b[39m)\u001b[33m;\u001b[39m\n     \u001b[90m 6 |\u001b[39m \u001b[36mconst\u001b[39m jwt \u001b[33m=\u001b[39m require(\u001b[32m'jsonwebtoken'\u001b[39m)\u001b[33m;\u001b[39m\n     \u001b[90m 7 |\u001b[39m\u001b[0m\n\n      at Resolver._throwModNotFoundError (node_modules/jest-resolve/build/resolver.js:427:11)\n      at Object.require (test/api.spec.js:4:17)\n","name":"C:\\Users\\TheFo\\Downloads\\nfc\\test\\api.spec.js","startTime":1772149613528,"status":"failed","summary":""}],"wasInterrupted":false,"coverageMap":{"C:\\Users\\TheFo\\Downloads\\nfc\\auth-middleware.js":{"path":"C:\\Users\\TheFo\\Downloads\\nfc\\auth-middleware.js","all":false,"statementMap":{"0":{"start":{"line":1,"column":0},"end":{"line":1,"column":36}},"1":{"start":{"line":2,"column":0},"end":{"line":2,"column":0}},"2":{"start":{"line":3,"column":0},"end":{"line":3,"column":41}},"3":{"start":{"line":4,"column":0},"end":{"line":4,"column":52}},"4":{"start":{"line":5,"column":0},"end":{"line":5,"column":75}},"5":{"start":{"line":6,"column":0},"end":{"line":6,"column":0}},"6":{"start":{"line":7,"column":0},"end":{"line":7,"column":17}},"7":{"start":{"line":8,"column":0},"end":{"line":8,"column":84}},"8":{"start":{"line":9,"column":0},"end":{"line":9,"column":5}},"9":{"start":{"line":10,"column":0},"end":{"line":10,"column":0}},"10":{"start":{"line":11,"column":0},"end":{"line":11,"column":9}},"11":{"start":{"line":12,"column":0},"end":{"line":12,"column":80}},"12":{"start":{"line":13,"column":0},"end":{"line":13,"column":50}},"13":{"start":{"line":14,"column":0},"end":{"line":14,"column":62}},"14":{"start":{"line":15,"column":0},"end":{"line":15,"column":15}},"15":{"start":{"line":16,"column":0},"end":{"line":16,"column":19}},"16":{"start":{"line":17,"column":0},"end":{"line":17,"column":65}},"17":{"start":{"line":18,"column":0},"end":{"line":18,"column":5}},"18":{"start":{"line":19,"column":0},"end":{"line":19,"column":2}},"19":{"start":{"line":20,"column":0},"end":{"line":20,"column":0}},"20":{"start":{"line":21,"column":0},"end":{"line":21,"column":29}}},"s":{"0":1,"1":1,"2":1,"3":3,"4":3,"5":3,"6":3,"7":1,"8":1,"9":2,"10":2,"11":3,"12":3,"13":3,"14":3,"15":3,"16":1,"17":1,"18":3,"19":1,"20":1},"branchMap":{"0":{"type":"branch","line":3,"loc":{"start":{"line":3,"column":20},"end":{"line":19,"column":2}},"locations":[{"start":{"line":3,"column":20},"end":{"line":19,"column":2}}]},"1":{"type":"branch","line":5,"loc":{"start":{"line":5,"column":28},"end":{"line":5,"column":56}},"locations":[{"start":{"line":5,"column":28},"end":{"line":5,"column":56}}]},"2":{"type":"branch","line":7,"loc":{"start":{"line":7,"column":16},"end":{"line":9,"column":5}},"locations":[{"start":{"line":7,"column":16},"end":{"line":9,"column":5}}]},"3":{"type":"branch","line":9,"loc":{"start":{"line":9,"column":4},"end":{"line":12,"column":79}},"locations":[{"start":{"line":9,"column":4},"end":{"line":12,"column":79}}]},"4":{"type":"branch","line":16,"loc":{"start":{"line":16,"column":6},"end":{"line":18,"column":5}},"locations":[{"start":{"line":16,"column":6},"end":{"line":18,"column":5}}]}},"b":{"0":[3],"1":[2],"2":[1],"3":[2],"4":[1]},"fnMap":{"0":{"name":"verifyToken","decl":{"start":{"line":3,"column":20},"end":{"line":19,"column":2}},"loc":{"start":{"line":3,"column":20},"end":{"line":19,"column":2}},"line":3}},"f":{"0":3}},"C:\\Users\\TheFo\\Downloads\\nfc\\script-core.js":{"path":"C:\\Users\\TheFo\\Downloads\\nfc\\script-core.js","all":false,"statementMap":{"0":{"start":{"line":1,"column":0},"end":{"line":1,"column":13}},"1":{"start":{"line":2,"column":0},"end":{"line":2,"column":0}},"2":{"start":{"line":3,"column":0},"end":{"line":3,"column":0}},"3":{"start":{"line":4,"column":0},"end":{"line":4,"column":16}},"4":{"start":{"line":5,"column":0},"end":{"line":5,"column":30}},"5":{"start":{"line":6,"column":0},"end":{"line":6,"column":57}},"6":{"start":{"line":7,"column":0},"end":{"line":7,"column":0}},"7":{"start":{"line":8,"column":0},"end":{"line":8,"column":50}},"8":{"start":{"line":9,"column":0},"end":{"line":9,"column":52}},"9":{"start":{"line":10,"column":0},"end":{"line":10,"column":49}},"10":{"start":{"line":11,"column":0},"end":{"line":11,"column":25}},"11":{"start":{"line":12,"column":0},"end":{"line":12,"column":23}},"12":{"start":{"line":13,"column":0},"end":{"line":13,"column":0}},"13":{"start":{"line":14,"column":0},"end":{"line":14,"column":18}},"14":{"start":{"line":15,"column":0},"end":{"line":15,"column":99}},"15":{"start":{"line":16,"column":0},"end":{"line":16,"column":85}},"16":{"start":{"line":17,"column":0},"end":{"line":17,"column":88}},"17":{"start":{"line":18,"column":0},"end":{"line":18,"column":81}},"18":{"start":{"line":19,"column":0},"end":{"line":19,"column":85}},"19":{"start":{"line":20,"column":0},"end":{"line":20,"column":6}},"20":{"start":{"line":21,"column":0},"end":{"line":21,"column":0}},"21":{"start":{"line":22,"column":0},"end":{"line":22,"column":19}},"22":{"start":{"line":23,"column":0},"end":{"line":23,"column":69}},"23":{"start":{"line":24,"column":0},"end":{"line":24,"column":17}},"24":{"start":{"line":25,"column":0},"end":{"line":25,"column":39}},"25":{"start":{"line":26,"column":0},"end":{"line":26,"column":46}},"26":{"start":{"line":27,"column":0},"end":{"line":27,"column":57}},"27":{"start":{"line":28,"column":0},"end":{"line":28,"column":28}},"28":{"start":{"line":29,"column":0},"end":{"line":29,"column":30}},"29":{"start":{"line":30,"column":0},"end":{"line":30,"column":34}},"30":{"start":{"line":31,"column":0},"end":{"line":31,"column":29}},"31":{"start":{"line":32,"column":0},"end":{"line":32,"column":36}},"32":{"start":{"line":33,"column":0},"end":{"line":33,"column":44}},"33":{"start":{"line":34,"column":0},"end":{"line":34,"column":36}},"34":{"start":{"line":35,"column":0},"end":{"line":35,"column":0}},"35":{"start":{"line":36,"column":0},"end":{"line":36,"column":53}},"36":{"start":{"line":37,"column":0},"end":{"line":37,"column":47}},"37":{"start":{"line":38,"column":0},"end":{"line":38,"column":51}},"38":{"start":{"line":39,"column":0},"end":{"line":39,"column":33}},"39":{"start":{"line":40,"column":0},"end":{"line":40,"column":36}},"40":{"start":{"line":41,"column":0},"end":{"line":41,"column":47}},"41":{"start":{"line":42,"column":0},"end":{"line":42,"column":0}},"42":{"start":{"line":43,"column":0},"end":{"line":43,"column":58}},"43":{"start":{"line":44,"column":0},"end":{"line":44,"column":54}},"44":{"start":{"line":45,"column":0},"end":{"line":45,"column":36}},"45":{"start":{"line":46,"column":0},"end":{"line":46,"column":39}},"46":{"start":{"line":47,"column":0},"end":{"line":47,"column":50}},"47":{"start":{"line":48,"column":0},"end":{"line":48,"column":0}},"48":{"start":{"line":49,"column":0},"end":{"line":49,"column":41}},"49":{"start":{"line":50,"column":0},"end":{"line":50,"column":39}},"50":{"start":{"line":51,"column":0},"end":{"line":51,"column":34}},"51":{"start":{"line":52,"column":0},"end":{"line":52,"column":42}},"52":{"start":{"line":53,"column":0},"end":{"line":53,"column":53}},"53":{"start":{"line":54,"column":0},"end":{"line":54,"column":44}},"54":{"start":{"line":55,"column":0},"end":{"line":55,"column":46}},"55":{"start":{"line":56,"column":0},"end":{"line":56,"column":38}},"56":{"start":{"line":57,"column":0},"end":{"line":57,"column":35}},"57":{"start":{"line":58,"column":0},"end":{"line":58,"column":52}},"58":{"start":{"line":59,"column":0},"end":{"line":59,"column":40}},"59":{"start":{"line":60,"column":0},"end":{"line":60,"column":38}},"60":{"start":{"line":61,"column":0},"end":{"line":61,"column":34}},"61":{"start":{"line":62,"column":0},"end":{"line":62,"column":37}},"62":{"start":{"line":63,"column":0},"end":{"line":63,"column":31}},"63":{"start":{"line":64,"column":0},"end":{"line":64,"column":26}},"64":{"start":{"line":65,"column":0},"end":{"line":65,"column":39}},"65":{"start":{"line":66,"column":0},"end":{"line":66,"column":37}},"66":{"start":{"line":67,"column":0},"end":{"line":67,"column":33}},"67":{"start":{"line":68,"column":0},"end":{"line":68,"column":36}},"68":{"start":{"line":69,"column":0},"end":{"line":69,"column":47}},"69":{"start":{"line":70,"column":0},"end":{"line":70,"column":49}},"70":{"start":{"line":71,"column":0},"end":{"line":71,"column":55}},"71":{"start":{"line":72,"column":0},"end":{"line":72,"column":45}},"72":{"start":{"line":73,"column":0},"end":{"line":73,"column":41}},"73":{"start":{"line":74,"column":0},"end":{"line":74,"column":42}},"74":{"start":{"line":75,"column":0},"end":{"line":75,"column":35}},"75":{"start":{"line":76,"column":0},"end":{"line":76,"column":43}},"76":{"start":{"line":77,"column":0},"end":{"line":77,"column":53}},"77":{"start":{"line":78,"column":0},"end":{"line":78,"column":10}},"78":{"start":{"line":79,"column":0},"end":{"line":79,"column":18}},"79":{"start":{"line":80,"column":0},"end":{"line":80,"column":21}},"80":{"start":{"line":81,"column":0},"end":{"line":81,"column":87}},"81":{"start":{"line":82,"column":0},"end":{"line":82,"column":14}},"82":{"start":{"line":83,"column":0},"end":{"line":83,"column":23}},"83":{"start":{"line":84,"column":0},"end":{"line":84,"column":27}},"84":{"start":{"line":85,"column":0},"end":{"line":85,"column":56}},"85":{"start":{"line":86,"column":0},"end":{"line":86,"column":58}},"86":{"start":{"line":87,"column":0},"end":{"line":87,"column":59}},"87":{"start":{"line":88,"column":0},"end":{"line":88,"column":59}},"88":{"start":{"line":89,"column":0},"end":{"line":89,"column":58}},"89":{"start":{"line":90,"column":0},"end":{"line":90,"column":14}},"90":{"start":{"line":91,"column":0},"end":{"line":91,"column":33}},"91":{"start":{"line":92,"column":0},"end":{"line":92,"column":10}},"92":{"start":{"line":93,"column":0},"end":{"line":93,"column":20}},"93":{"start":{"line":94,"column":0},"end":{"line":94,"column":24}},"94":{"start":{"line":95,"column":0},"end":{"line":95,"column":23}},"95":{"start":{"line":96,"column":0},"end":{"line":96,"column":25}},"96":{"start":{"line":97,"column":0},"end":{"line":97,"column":23}},"97":{"start":{"line":98,"column":0},"end":{"line":98,"column":10}},"98":{"start":{"line":99,"column":0},"end":{"line":99,"column":20}},"99":{"start":{"line":100,"column":0},"end":{"line":100,"column":40}},"100":{"start":{"line":101,"column":0},"end":{"line":101,"column":58}},"101":{"start":{"line":102,"column":0},"end":{"line":102,"column":40}},"102":{"start":{"line":103,"column":0},"end":{"line":103,"column":43}},"103":{"start":{"line":104,"column":0},"end":{"line":104,"column":45}},"104":{"start":{"line":105,"column":0},"end":{"line":105,"column":10}},"105":{"start":{"line":106,"column":0},"end":{"line":106,"column":21}},"106":{"start":{"line":107,"column":0},"end":{"line":107,"column":26}},"107":{"start":{"line":108,"column":0},"end":{"line":108,"column":27}},"108":{"start":{"line":109,"column":0},"end":{"line":109,"column":26}},"109":{"start":{"line":110,"column":0},"end":{"line":110,"column":29}},"110":{"start":{"line":111,"column":0},"end":{"line":111,"column":22}},"111":{"start":{"line":112,"column":0},"end":{"line":112,"column":9}},"112":{"start":{"line":113,"column":0},"end":{"line":113,"column":6}},"113":{"start":{"line":114,"column":0},"end":{"line":114,"column":0}},"114":{"start":{"line":115,"column":0},"end":{"line":115,"column":13}},"115":{"start":{"line":116,"column":0},"end":{"line":116,"column":35}},"116":{"start":{"line":117,"column":0},"end":{"line":117,"column":256}},"117":{"start":{"line":118,"column":0},"end":{"line":118,"column":265}},"118":{"start":{"line":119,"column":0},"end":{"line":119,"column":270}},"119":{"start":{"line":120,"column":0},"end":{"line":120,"column":286}},"120":{"start":{"line":121,"column":0},"end":{"line":121,"column":281}},"121":{"start":{"line":122,"column":0},"end":{"line":122,"column":269}},"122":{"start":{"line":123,"column":0},"end":{"line":123,"column":0}},"123":{"start":{"line":124,"column":0},"end":{"line":124,"column":30}},"124":{"start":{"line":125,"column":0},"end":{"line":125,"column":261}},"125":{"start":{"line":126,"column":0},"end":{"line":126,"column":264}},"126":{"start":{"line":127,"column":0},"end":{"line":127,"column":279}},"127":{"start":{"line":128,"column":0},"end":{"line":128,"column":274}},"128":{"start":{"line":129,"column":0},"end":{"line":129,"column":266}},"129":{"start":{"line":130,"column":0},"end":{"line":130,"column":274}},"130":{"start":{"line":131,"column":0},"end":{"line":131,"column":285}},"131":{"start":{"line":132,"column":0},"end":{"line":132,"column":268}},"132":{"start":{"line":133,"column":0},"end":{"line":133,"column":6}},"133":{"start":{"line":134,"column":0},"end":{"line":134,"column":0}},"134":{"start":{"line":135,"column":0},"end":{"line":135,"column":23}},"135":{"start":{"line":136,"column":0},"end":{"line":136,"column":121}},"136":{"start":{"line":137,"column":0},"end":{"line":137,"column":103}},"137":{"start":{"line":138,"column":0},"end":{"line":138,"column":109}},"138":{"start":{"line":139,"column":0},"end":{"line":139,"column":109}},"139":{"start":{"line":140,"column":0},"end":{"line":140,"column":121}},"140":{"start":{"line":141,"column":0},"end":{"line":141,"column":111}},"141":{"start":{"line":142,"column":0},"end":{"line":142,"column":120}},"142":{"start":{"line":143,"column":0},"end":{"line":143,"column":111}},"143":{"start":{"line":144,"column":0},"end":{"line":144,"column":107}},"144":{"start":{"line":145,"column":0},"end":{"line":145,"column":111}},"145":{"start":{"line":146,"column":0},"end":{"line":146,"column":123}},"146":{"start":{"line":147,"column":0},"end":{"line":147,"column":127}},"147":{"start":{"line":148,"column":0},"end":{"line":148,"column":6}},"148":{"start":{"line":149,"column":0},"end":{"line":149,"column":0}},"149":{"start":{"line":150,"column":0},"end":{"line":150,"column":29}},"150":{"start":{"line":151,"column":0},"end":{"line":151,"column":78}},"151":{"start":{"line":152,"column":0},"end":{"line":152,"column":68}},"152":{"start":{"line":153,"column":0},"end":{"line":153,"column":48}},"153":{"start":{"line":154,"column":0},"end":{"line":154,"column":54}},"154":{"start":{"line":155,"column":0},"end":{"line":155,"column":54}},"155":{"start":{"line":156,"column":0},"end":{"line":156,"column":5}},"156":{"start":{"line":157,"column":0},"end":{"line":157,"column":2}},"157":{"start":{"line":158,"column":0},"end":{"line":158,"column":0}},"158":{"start":{"line":159,"column":0},"end":{"line":159,"column":47}},"159":{"start":{"line":160,"column":0},"end":{"line":160,"column":32}},"160":{"start":{"line":161,"column":0},"end":{"line":161,"column":0}},"161":{"start":{"line":162,"column":0},"end":{"line":162,"column":15}},"162":{"start":{"line":163,"column":0},"end":{"line":163,"column":38}},"163":{"start":{"line":164,"column":0},"end":{"line":164,"column":22}},"164":{"start":{"line":165,"column":0},"end":{"line":165,"column":29}},"165":{"start":{"line":166,"column":0},"end":{"line":166,"column":36}},"166":{"start":{"line":167,"column":0},"end":{"line":167,"column":72}},"167":{"start":{"line":168,"column":0},"end":{"line":168,"column":10}},"168":{"start":{"line":169,"column":0},"end":{"line":169,"column":6}},"169":{"start":{"line":170,"column":0},"end":{"line":170,"column":0}},"170":{"start":{"line":171,"column":0},"end":{"line":171,"column":29}},"171":{"start":{"line":172,"column":0},"end":{"line":172,"column":86}},"172":{"start":{"line":173,"column":0},"end":{"line":173,"column":22}},"173":{"start":{"line":174,"column":0},"end":{"line":174,"column":36}},"174":{"start":{"line":175,"column":0},"end":{"line":175,"column":77}},"175":{"start":{"line":176,"column":0},"end":{"line":176,"column":9}},"176":{"start":{"line":177,"column":0},"end":{"line":177,"column":6}},"177":{"start":{"line":178,"column":0},"end":{"line":178,"column":0}},"178":{"start":{"line":179,"column":0},"end":{"line":179,"column":37}},"179":{"start":{"line":180,"column":0},"end":{"line":180,"column":13}},"180":{"start":{"line":181,"column":0},"end":{"line":181,"column":64}},"181":{"start":{"line":182,"column":0},"end":{"line":182,"column":58}},"182":{"start":{"line":183,"column":0},"end":{"line":183,"column":20}},"183":{"start":{"line":184,"column":0},"end":{"line":184,"column":68}},"184":{"start":{"line":185,"column":0},"end":{"line":185,"column":38}},"185":{"start":{"line":186,"column":0},"end":{"line":186,"column":53}},"186":{"start":{"line":187,"column":0},"end":{"line":187,"column":50}},"187":{"start":{"line":188,"column":0},"end":{"line":188,"column":48}},"188":{"start":{"line":189,"column":0},"end":{"line":189,"column":34}},"189":{"start":{"line":190,"column":0},"end":{"line":190,"column":45}},"190":{"start":{"line":191,"column":0},"end":{"line":191,"column":34}},"191":{"start":{"line":192,"column":0},"end":{"line":192,"column":13}},"192":{"start":{"line":193,"column":0},"end":{"line":193,"column":24}},"193":{"start":{"line":194,"column":0},"end":{"line":194,"column":25}},"194":{"start":{"line":195,"column":0},"end":{"line":195,"column":53}},"195":{"start":{"line":196,"column":0},"end":{"line":196,"column":25}},"196":{"start":{"line":197,"column":0},"end":{"line":197,"column":9}},"197":{"start":{"line":198,"column":0},"end":{"line":198,"column":6}},"198":{"start":{"line":199,"column":0},"end":{"line":199,"column":0}},"199":{"start":{"line":200,"column":0},"end":{"line":200,"column":21}},"200":{"start":{"line":201,"column":0},"end":{"line":201,"column":61}},"201":{"start":{"line":202,"column":0},"end":{"line":202,"column":49}},"202":{"start":{"line":203,"column":0},"end":{"line":203,"column":60}},"203":{"start":{"line":204,"column":0},"end":{"line":204,"column":29}},"204":{"start":{"line":205,"column":0},"end":{"line":205,"column":73}},"205":{"start":{"line":206,"column":0},"end":{"line":206,"column":86}},"206":{"start":{"line":207,"column":0},"end":{"line":207,"column":46}},"207":{"start":{"line":208,"column":0},"end":{"line":208,"column":11}},"208":{"start":{"line":209,"column":0},"end":{"line":209,"column":5}},"209":{"start":{"line":210,"column":0},"end":{"line":210,"column":2}},"210":{"start":{"line":211,"column":0},"end":{"line":211,"column":0}},"211":{"start":{"line":212,"column":0},"end":{"line":212,"column":24}},"212":{"start":{"line":213,"column":0},"end":{"line":213,"column":16}},"213":{"start":{"line":214,"column":0},"end":{"line":214,"column":21}},"214":{"start":{"line":215,"column":0},"end":{"line":215,"column":65}},"215":{"start":{"line":216,"column":0},"end":{"line":216,"column":0}},"216":{"start":{"line":217,"column":0},"end":{"line":217,"column":22}},"217":{"start":{"line":218,"column":0},"end":{"line":218,"column":64}},"218":{"start":{"line":219,"column":0},"end":{"line":219,"column":58}},"219":{"start":{"line":220,"column":0},"end":{"line":220,"column":55}},"220":{"start":{"line":221,"column":0},"end":{"line":221,"column":9}},"221":{"start":{"line":222,"column":0},"end":{"line":222,"column":0}},"222":{"start":{"line":223,"column":0},"end":{"line":223,"column":27}},"223":{"start":{"line":224,"column":0},"end":{"line":224,"column":50}},"224":{"start":{"line":225,"column":0},"end":{"line":225,"column":112}},"225":{"start":{"line":226,"column":0},"end":{"line":226,"column":0}},"226":{"start":{"line":227,"column":0},"end":{"line":227,"column":52}},"227":{"start":{"line":228,"column":0},"end":{"line":228,"column":0}},"228":{"start":{"line":229,"column":0},"end":{"line":229,"column":51}},"229":{"start":{"line":230,"column":0},"end":{"line":230,"column":63}},"230":{"start":{"line":231,"column":0},"end":{"line":231,"column":0}},"231":{"start":{"line":232,"column":0},"end":{"line":232,"column":34}},"232":{"start":{"line":233,"column":0},"end":{"line":233,"column":6}},"233":{"start":{"line":234,"column":0},"end":{"line":234,"column":0}},"234":{"start":{"line":235,"column":0},"end":{"line":235,"column":12}},"235":{"start":{"line":236,"column":0},"end":{"line":236,"column":36}},"236":{"start":{"line":237,"column":0},"end":{"line":237,"column":32}},"237":{"start":{"line":238,"column":0},"end":{"line":238,"column":86}},"238":{"start":{"line":239,"column":0},"end":{"line":239,"column":50}},"239":{"start":{"line":240,"column":0},"end":{"line":240,"column":38}},"240":{"start":{"line":241,"column":0},"end":{"line":241,"column":9}},"241":{"start":{"line":242,"column":0},"end":{"line":242,"column":6}},"242":{"start":{"line":243,"column":0},"end":{"line":243,"column":0}},"243":{"start":{"line":244,"column":0},"end":{"line":244,"column":12}},"244":{"start":{"line":245,"column":0},"end":{"line":245,"column":58}},"245":{"start":{"line":246,"column":0},"end":{"line":246,"column":32}},"246":{"start":{"line":247,"column":0},"end":{"line":247,"column":86}},"247":{"start":{"line":248,"column":0},"end":{"line":248,"column":50}},"248":{"start":{"line":249,"column":0},"end":{"line":249,"column":38}},"249":{"start":{"line":250,"column":0},"end":{"line":250,"column":9}},"250":{"start":{"line":251,"column":0},"end":{"line":251,"column":6}},"251":{"start":{"line":252,"column":0},"end":{"line":252,"column":0}},"252":{"start":{"line":253,"column":0},"end":{"line":253,"column":26}},"253":{"start":{"line":254,"column":0},"end":{"line":254,"column":60}},"254":{"start":{"line":255,"column":0},"end":{"line":255,"column":60}},"255":{"start":{"line":256,"column":0},"end":{"line":256,"column":63}},"256":{"start":{"line":257,"column":0},"end":{"line":257,"column":85}},"257":{"start":{"line":258,"column":0},"end":{"line":258,"column":5}},"258":{"start":{"line":259,"column":0},"end":{"line":259,"column":2}},"259":{"start":{"line":260,"column":0},"end":{"line":260,"column":0}},"260":{"start":{"line":261,"column":0},"end":{"line":261,"column":31}},"261":{"start":{"line":262,"column":0},"end":{"line":262,"column":53}},"262":{"start":{"line":263,"column":0},"end":{"line":263,"column":59}},"263":{"start":{"line":264,"column":0},"end":{"line":264,"column":82}},"264":{"start":{"line":265,"column":0},"end":{"line":265,"column":56}},"265":{"start":{"line":266,"column":0},"end":{"line":266,"column":28}},"266":{"start":{"line":267,"column":0},"end":{"line":267,"column":95}},"267":{"start":{"line":268,"column":0},"end":{"line":268,"column":42}},"268":{"start":{"line":269,"column":0},"end":{"line":269,"column":0}},"269":{"start":{"line":270,"column":0},"end":{"line":270,"column":50}},"270":{"start":{"line":271,"column":0},"end":{"line":271,"column":54}},"271":{"start":{"line":272,"column":0},"end":{"line":272,"column":31}},"272":{"start":{"line":273,"column":0},"end":{"line":273,"column":49}},"273":{"start":{"line":274,"column":0},"end":{"line":274,"column":52}},"274":{"start":{"line":275,"column":0},"end":{"line":275,"column":5}},"275":{"start":{"line":276,"column":0},"end":{"line":276,"column":3}},"276":{"start":{"line":277,"column":0},"end":{"line":277,"column":0}},"277":{"start":{"line":278,"column":0},"end":{"line":278,"column":54}},"278":{"start":{"line":279,"column":0},"end":{"line":279,"column":55}},"279":{"start":{"line":280,"column":0},"end":{"line":280,"column":1}}},"s":{"0":1,"1":1,"2":1,"3":1,"4":1,"5":1,"6":1,"7":1,"8":1,"9":1,"10":1,"11":1,"12":1,"13":1,"14":1,"15":1,"16":1,"17":1,"18":1,"19":1,"20":1,"21":1,"22":1,"23":1,"24":1,"25":1,"26":1,"27":1,"28":1,"29":1,"30":1,"31":1,"32":1,"33":1,"34":1,"35":1,"36":1,"37":1,"38":1,"39":1,"40":1,"41":1,"42":1,"43":1,"44":1,"45":1,"46":1,"47":1,"48":1,"49":1,"50":1,"51":1,"52":1,"53":1,"54":1,"55":1,"56":1,"57":1,"58":1,"59":1,"60":1,"61":1,"62":1,"63":1,"64":1,"65":1,"66":1,"67":1,"68":1,"69":1,"70":1,"71":1,"72":1,"73":1,"74":1,"75":1,"76":1,"77":1,"78":1,"79":1,"80":1,"81":1,"82":1,"83":1,"84":1,"85":1,"86":1,"87":1,"88":1,"89":1,"90":1,"91":1,"92":1,"93":1,"94":1,"95":1,"96":1,"97":1,"98":1,"99":1,"100":1,"101":1,"102":1,"103":1,"104":1,"105":1,"106":1,"107":1,"108":1,"109":1,"110":1,"111":1,"112":1,"113":1,"114":1,"115":1,"116":1,"117":1,"118":1,"119":1,"120":1,"121":1,"122":1,"123":1,"124":1,"125":1,"126":1,"127":1,"128":1,"129":1,"130":1,"131":1,"132":1,"133":1,"134":1,"135":1,"136":1,"137":1,"138":1,"139":1,"140":1,"141":1,"142":1,"143":1,"144":1,"145":1,"146":1,"147":1,"148":1,"149":1,"150":1,"151":1,"152":1,"153":1,"154":1,"155":1,"156":1,"157":1,"158":1,"159":1,"160":1,"161":1,"162":1,"163":0,"164":0,"165":0,"166":0,"167":0,"168":1,"169":1,"170":1,"171":0,"172":0,"173":0,"174":0,"175":0,"176":1,"177":1,"178":1,"179":0,"180":0,"181":0,"182":0,"183":0,"184":0,"185":0,"186":0,"187":0,"188":0,"189":0,"190":0,"191":0,"192":0,"193":0,"194":0,"195":0,"196":0,"197":1,"198":1,"199":1,"200":0,"201":0,"202":0,"203":0,"204":0,"205":0,"206":0,"207":0,"208":0,"209":1,"210":1,"211":1,"212":1,"213":1,"214":1,"215":1,"216":1,"217":8,"218":8,"219":1,"220":1,"221":8,"222":8,"223":8,"224":8,"225":8,"226":8,"227":8,"228":8,"229":8,"230":8,"231":8,"232":1,"233":1,"234":1,"235":3,"236":3,"237":3,"238":3,"239":3,"240":3,"241":1,"242":1,"243":1,"244":1,"245":1,"246":1,"247":1,"248":1,"249":1,"250":1,"251":1,"252":1,"253":12,"254":12,"255":12,"256":12,"257":12,"258":1,"259":1,"260":1,"261":1,"262":0,"263":0,"264":0,"265":0,"266":0,"267":0,"268":0,"269":0,"270":0,"271":0,"272":0,"273":0,"274":0,"275":1,"276":1,"277":1,"278":1,"279":1},"branchMap":{"0":{"type":"branch","line":217,"loc":{"start":{"line":217,"column":4},"end":{"line":233,"column":5}},"locations":[{"start":{"line":217,"column":4},"end":{"line":233,"column":5}}]},"1":{"type":"branch","line":219,"loc":{"start":{"line":219,"column":57},"end":{"line":221,"column":9}},"locations":[{"start":{"line":219,"column":57},"end":{"line":221,"column":9}}]},"2":{"type":"branch","line":225,"loc":{"start":{"line":225,"column":54},"end":{"line":225,"column":104}},"locations":[{"start":{"line":225,"column":54},"end":{"line":225,"column":104}}]},"3":{"type":"branch","line":225,"loc":{"start":{"line":225,"column":104},"end":{"line":225,"column":111}},"locations":[{"start":{"line":225,"column":104},"end":{"line":225,"column":111}}]},"4":{"type":"branch","line":227,"loc":{"start":{"line":227,"column":45},"end":{"line":227,"column":52}},"locations":[{"start":{"line":227,"column":45},"end":{"line":227,"column":52}}]},"5":{"type":"branch","line":235,"loc":{"start":{"line":235,"column":4},"end":{"line":242,"column":5}},"locations":[{"start":{"line":235,"column":4},"end":{"line":242,"column":5}}]},"6":{"type":"branch","line":244,"loc":{"start":{"line":244,"column":4},"end":{"line":251,"column":5}},"locations":[{"start":{"line":244,"column":4},"end":{"line":251,"column":5}}]},"7":{"type":"branch","line":253,"loc":{"start":{"line":253,"column":4},"end":{"line":258,"column":5}},"locations":[{"start":{"line":253,"column":4},"end":{"line":258,"column":5}}]}},"b":{"0":[8],"1":[1],"2":[4],"3":[4],"4":[0],"5":[3],"6":[1],"7":[12]},"fnMap":{"0":{"name":"debounce","decl":{"start":{"line":163,"column":14},"end":{"line":169,"column":5}},"loc":{"start":{"line":163,"column":14},"end":{"line":169,"column":5}},"line":163},"1":{"name":"playSound","decl":{"start":{"line":171,"column":16},"end":{"line":177,"column":5}},"loc":{"start":{"line":171,"column":16},"end":{"line":177,"column":5}},"line":171},"2":{"name":"copyTextToClipboard","decl":{"start":{"line":179,"column":4},"end":{"line":198,"column":5}},"loc":{"start":{"line":179,"column":4},"end":{"line":198,"column":5}},"line":179},"3":{"name":"loadScript","decl":{"start":{"line":200,"column":4},"end":{"line":209,"column":5}},"loc":{"start":{"line":200,"column":4},"end":{"line":209,"column":5}},"line":200},"4":{"name":"pushState","decl":{"start":{"line":217,"column":4},"end":{"line":233,"column":5}},"loc":{"start":{"line":217,"column":4},"end":{"line":233,"column":5}},"line":217},"5":{"name":"undo","decl":{"start":{"line":235,"column":4},"end":{"line":242,"column":5}},"loc":{"start":{"line":235,"column":4},"end":{"line":242,"column":5}},"line":235},"6":{"name":"redo","decl":{"start":{"line":244,"column":4},"end":{"line":251,"column":5}},"loc":{"start":{"line":244,"column":4},"end":{"line":251,"column":5}},"line":244},"7":{"name":"updateButtonStates","decl":{"start":{"line":253,"column":4},"end":{"line":258,"column":5}},"loc":{"start":{"line":253,"column":4},"end":{"line":258,"column":5}},"line":253}},"f":{"0":0,"1":0,"2":0,"3":0,"4":8,"5":3,"6":1,"7":12}}}}
