{"C:\\Users\\TheFo\\Downloads\\nfc\\auth-middleware.js": {"path":"C:\\Users\\TheFo\\Downloads\\nfc\\auth-middleware.js","all":false,"statementMap":{"0":{"start":{"line":1,"column":0},"end":{"line":1,"column":36}},"1":{"start":{"line":2,"column":0},"end":{"line":2,"column":0}},"2":{"start":{"line":3,"column":0},"end":{"line":3,"column":11}},"3":{"start":{"line":4,"column":0},"end":{"line":4,"column":5}},"4":{"start":{"line":5,"column":0},"end":{"line":5,"column":33}},"5":{"start":{"line":6,"column":0},"end":{"line":6,"column":13}},"6":{"start":{"line":7,"column":0},"end":{"line":7,"column":18}},"7":{"start":{"line":8,"column":0},"end":{"line":8,"column":1}},"8":{"start":{"line":9,"column":0},"end":{"line":9,"column":0}},"9":{"start":{"line":10,"column":0},"end":{"line":10,"column":41}},"10":{"start":{"line":11,"column":0},"end":{"line":11,"column":52}},"11":{"start":{"line":12,"column":0},"end":{"line":12,"column":75}},"12":{"start":{"line":13,"column":0},"end":{"line":13,"column":0}},"13":{"start":{"line":14,"column":0},"end":{"line":14,"column":17}},"14":{"start":{"line":15,"column":0},"end":{"line":15,"column":84}},"15":{"start":{"line":16,"column":0},"end":{"line":16,"column":5}},"16":{"start":{"line":17,"column":0},"end":{"line":17,"column":0}},"17":{"start":{"line":18,"column":0},"end":{"line":18,"column":58}},"18":{"start":{"line":19,"column":0},"end":{"line":19,"column":75}},"19":{"start":{"line":20,"column":0},"end":{"line":20,"column":18}},"20":{"start":{"line":21,"column":0},"end":{"line":21,"column":72}},"21":{"start":{"line":22,"column":0},"end":{"line":22,"column":94}},"22":{"start":{"line":23,"column":0},"end":{"line":23,"column":5}},"23":{"start":{"line":24,"column":0},"end":{"line":24,"column":0}},"24":{"start":{"line":25,"column":0},"end":{"line":25,"column":9}},"25":{"start":{"line":26,"column":0},"end":{"line":26,"column":50}},"26":{"start":{"line":27,"column":0},"end":{"line":27,"column":62}},"27":{"start":{"line":28,"column":0},"end":{"line":28,"column":15}},"28":{"start":{"line":29,"column":0},"end":{"line":29,"column":19}},"29":{"start":{"line":30,"column":0},"end":{"line":30,"column":65}},"30":{"start":{"line":31,"column":0},"end":{"line":31,"column":5}},"31":{"start":{"line":32,"column":0},"end":{"line":32,"column":2}},"32":{"start":{"line":33,"column":0},"end":{"line":33,"column":0}},"33":{"start":{"line":34,"column":0},"end":{"line":34,"column":29}}},"s":{"0":1,"1":1,"2":1,"3":1,"4":1,"5":1,"6":0,"7":0,"8":1,"9":1,"10":3,"11":3,"12":3,"13":3,"14":1,"15":1,"16":2,"17":2,"18":3,"19":3,"20":0,"21":0,"22":0,"23":2,"24":2,"25":2,"26":2,"27":2,"28":3,"29":0,"30":0,"31":3,"32":1,"33":1},"branchMap":{"0":{"type":"branch","line":6,"loc":{"start":{"line":6,"column":2},"end":{"line":8,"column":1}},"locations":[{"start":{"line":6,"column":2},"end":{"line":8,"column":1}}]},"1":{"type":"branch","line":10,"loc":{"start":{"line":10,"column":20},"end":{"line":32,"column":2}},"locations":[{"start":{"line":10,"column":20},"end":{"line":32,"column":2}}]},"2":{"type":"branch","line":12,"loc":{"start":{"line":12,"column":28},"end":{"line":12,"column":56}},"locations":[{"start":{"line":12,"column":28},"end":{"line":12,"column":56}}]},"3":{"type":"branch","line":14,"loc":{"start":{"line":14,"column":16},"end":{"line":16,"column":5}},"locations":[{"start":{"line":14,"column":16},"end":{"line":16,"column":5}}]},"4":{"type":"branch","line":16,"loc":{"start":{"line":16,"column":4},"end":{"line":19,"column":47}},"locations":[{"start":{"line":16,"column":4},"end":{"line":19,"column":47}}]},"5":{"type":"branch","line":19,"loc":{"start":{"line":19,"column":47},"end":{"line":19,"column":74}},"locations":[{"start":{"line":19,"column":47},"end":{"line":19,"column":74}}]},"6":{"type":"branch","line":20,"loc":{"start":{"line":20,"column":17},"end":{"line":23,"column":5}},"locations":[{"start":{"line":20,"column":17},"end":{"line":23,"column":5}}]},"7":{"type":"branch","line":23,"loc":{"start":{"line":23,"column":4},"end":{"line":29,"column":6}},"locations":[{"start":{"line":23,"column":4},"end":{"line":29,"column":6}}]},"8":{"type":"branch","line":29,"loc":{"start":{"line":29,"column":6},"end":{"line":31,"column":5}},"locations":[{"start":{"line":29,"column":6},"end":{"line":31,"column":5}}]}},"b":{"0":[0],"1":[3],"2":[2],"3":[1],"4":[2],"5":[0],"6":[0],"7":[2],"8":[0]},"fnMap":{"0":{"name":"verifyToken","decl":{"start":{"line":10,"column":20},"end":{"line":32,"column":2}},"loc":{"start":{"line":10,"column":20},"end":{"line":32,"column":2}},"line":10}},"f":{"0":3}}
,"C:\\Users\\TheFo\\Downloads\\nfc\\config.js": {"path":"C:\\Users\\TheFo\\Downloads\\nfc\\config.js","all":false,"statementMap":{"0":{"start":{"line":1,"column":0},"end":{"line":1,"column":12}},"1":{"start":{"line":2,"column":0},"end":{"line":2,"column":62}},"2":{"start":{"line":3,"column":0},"end":{"line":3,"column":0}},"3":{"start":{"line":4,"column":0},"end":{"line":4,"column":35}},"4":{"start":{"line":5,"column":0},"end":{"line":5,"column":94}},"5":{"start":{"line":6,"column":0},"end":{"line":6,"column":34}},"6":{"start":{"line":7,"column":0},"end":{"line":7,"column":21}},"7":{"start":{"line":8,"column":0},"end":{"line":8,"column":41}},"8":{"start":{"line":9,"column":0},"end":{"line":9,"column":52}},"9":{"start":{"line":10,"column":0},"end":{"line":10,"column":60}},"10":{"start":{"line":11,"column":0},"end":{"line":11,"column":56}},"11":{"start":{"line":12,"column":0},"end":{"line":12,"column":22}},"12":{"start":{"line":13,"column":0},"end":{"line":13,"column":48}},"13":{"start":{"line":14,"column":0},"end":{"line":14,"column":45}},"14":{"start":{"line":15,"column":0},"end":{"line":15,"column":48}},"15":{"start":{"line":16,"column":0},"end":{"line":16,"column":27}},"16":{"start":{"line":17,"column":0},"end":{"line":17,"column":90}},"17":{"start":{"line":18,"column":0},"end":{"line":18,"column":49}},"18":{"start":{"line":19,"column":0},"end":{"line":19,"column":40}},"19":{"start":{"line":20,"column":0},"end":{"line":20,"column":63}},"20":{"start":{"line":21,"column":0},"end":{"line":21,"column":54}},"21":{"start":{"line":22,"column":0},"end":{"line":22,"column":42}},"22":{"start":{"line":23,"column":0},"end":{"line":23,"column":46}},"23":{"start":{"line":24,"column":0},"end":{"line":24,"column":40}},"24":{"start":{"line":25,"column":0},"end":{"line":25,"column":43}},"25":{"start":{"line":26,"column":0},"end":{"line":26,"column":0}},"26":{"start":{"line":27,"column":0},"end":{"line":27,"column":19}},"27":{"start":{"line":28,"column":0},"end":{"line":28,"column":43}},"28":{"start":{"line":29,"column":0},"end":{"line":29,"column":47}},"29":{"start":{"line":30,"column":0},"end":{"line":30,"column":0}},"30":{"start":{"line":31,"column":0},"end":{"line":31,"column":35}},"31":{"start":{"line":32,"column":0},"end":{"line":32,"column":37}},"32":{"start":{"line":33,"column":0},"end":{"line":33,"column":35}},"33":{"start":{"line":34,"column":0},"end":{"line":34,"column":3}},"34":{"start":{"line":35,"column":0},"end":{"line":35,"column":0}},"35":{"start":{"line":36,"column":0},"end":{"line":36,"column":21}}},"s":{"0":1,"1":1,"2":1,"3":1,"4":1,"5":1,"6":1,"7":1,"8":1,"9":1,"10":1,"11":1,"12":1,"13":1,"14":1,"15":1,"16":1,"17":1,"18":1,"19":1,"20":1,"21":1,"22":1,"23":1,"24":1,"25":1,"26":1,"27":1,"28":1,"29":1,"30":1,"31":1,"32":1,"33":1,"34":1,"35":1},"branchMap":{},"b":{},"fnMap":{},"f":{}}
,"C:\\Users\\TheFo\\Downloads\\nfc\\email-service.js": {"path":"C:\\Users\\TheFo\\Downloads\\nfc\\email-service.js","all":false,"statementMap":{"0":{"start":{"line":1,"column":0},"end":{"line":1,"column":13}},"1":{"start":{"line":2,"column":0},"end":{"line":2,"column":0}},"2":{"start":{"line":3,"column":0},"end":{"line":3,"column":3}},"3":{"start":{"line":4,"column":0},"end":{"line":4,"column":23}},"4":{"start":{"line":5,"column":0},"end":{"line":5,"column":76}},"5":{"start":{"line":6,"column":0},"end":{"line":6,"column":3}},"6":{"start":{"line":7,"column":0},"end":{"line":7,"column":54}},"7":{"start":{"line":8,"column":0},"end":{"line":8,"column":63}},"8":{"start":{"line":9,"column":0},"end":{"line":9,"column":3}},"9":{"start":{"line":10,"column":0},"end":{"line":10,"column":0}},"10":{"start":{"line":11,"column":0},"end":{"line":11,"column":22}},"11":{"start":{"line":12,"column":0},"end":{"line":12,"column":20}},"12":{"start":{"line":13,"column":0},"end":{"line":13,"column":13}},"13":{"start":{"line":14,"column":0},"end":{"line":14,"column":93}},"14":{"start":{"line":15,"column":0},"end":{"line":15,"column":48}},"15":{"start":{"line":16,"column":0},"end":{"line":16,"column":74}},"16":{"start":{"line":17,"column":0},"end":{"line":17,"column":63}},"17":{"start":{"line":18,"column":0},"end":{"line":18,"column":6}},"18":{"start":{"line":19,"column":0},"end":{"line":19,"column":0}},"19":{"start":{"line":20,"column":0},"end":{"line":20,"column":7}},"20":{"start":{"line":21,"column":0},"end":{"line":21,"column":20}},"21":{"start":{"line":22,"column":0},"end":{"line":22,"column":46}},"22":{"start":{"line":23,"column":0},"end":{"line":23,"column":51}},"23":{"start":{"line":24,"column":0},"end":{"line":24,"column":54}},"24":{"start":{"line":25,"column":0},"end":{"line":25,"column":50}},"25":{"start":{"line":26,"column":0},"end":{"line":26,"column":67}},"26":{"start":{"line":27,"column":0},"end":{"line":27,"column":7}},"27":{"start":{"line":28,"column":0},"end":{"line":28,"column":45}},"28":{"start":{"line":29,"column":0},"end":{"line":29,"column":70}},"29":{"start":{"line":30,"column":0},"end":{"line":30,"column":0}},"30":{"start":{"line":31,"column":0},"end":{"line":31,"column":83}},"31":{"start":{"line":32,"column":0},"end":{"line":32,"column":0}},"32":{"start":{"line":33,"column":0},"end":{"line":33,"column":27}},"33":{"start":{"line":34,"column":0},"end":{"line":34,"column":28}},"34":{"start":{"line":35,"column":0},"end":{"line":35,"column":104}},"35":{"start":{"line":36,"column":0},"end":{"line":36,"column":0}},"36":{"start":{"line":37,"column":0},"end":{"line":37,"column":26}},"37":{"start":{"line":38,"column":0},"end":{"line":38,"column":102}},"38":{"start":{"line":39,"column":0},"end":{"line":39,"column":0}},"39":{"start":{"line":40,"column":0},"end":{"line":40,"column":27}},"40":{"start":{"line":41,"column":0},"end":{"line":41,"column":20}},"41":{"start":{"line":42,"column":0},"end":{"line":42,"column":71}},"42":{"start":{"line":43,"column":0},"end":{"line":43,"column":9}},"43":{"start":{"line":44,"column":0},"end":{"line":44,"column":6}},"44":{"start":{"line":45,"column":0},"end":{"line":45,"column":0}},"45":{"start":{"line":46,"column":0},"end":{"line":46,"column":7}},"46":{"start":{"line":47,"column":0},"end":{"line":47,"column":41}},"47":{"start":{"line":48,"column":0},"end":{"line":48,"column":7}},"48":{"start":{"line":49,"column":0},"end":{"line":49,"column":48}},"49":{"start":{"line":50,"column":0},"end":{"line":50,"column":62}},"50":{"start":{"line":51,"column":0},"end":{"line":51,"column":33}},"51":{"start":{"line":52,"column":0},"end":{"line":52,"column":43}},"52":{"start":{"line":53,"column":0},"end":{"line":53,"column":37}},"53":{"start":{"line":54,"column":0},"end":{"line":54,"column":63}},"54":{"start":{"line":55,"column":0},"end":{"line":55,"column":54}},"55":{"start":{"line":56,"column":0},"end":{"line":56,"column":6}},"56":{"start":{"line":57,"column":0},"end":{"line":57,"column":0}},"57":{"start":{"line":58,"column":0},"end":{"line":58,"column":7}},"58":{"start":{"line":59,"column":0},"end":{"line":59,"column":25}},"59":{"start":{"line":60,"column":0},"end":{"line":60,"column":7}},"60":{"start":{"line":61,"column":0},"end":{"line":61,"column":87}},"61":{"start":{"line":62,"column":0},"end":{"line":62,"column":13}},"62":{"start":{"line":63,"column":0},"end":{"line":63,"column":83}},"63":{"start":{"line":64,"column":0},"end":{"line":64,"column":31}},"64":{"start":{"line":65,"column":0},"end":{"line":65,"column":26}},"65":{"start":{"line":66,"column":0},"end":{"line":66,"column":56}},"66":{"start":{"line":67,"column":0},"end":{"line":67,"column":54}},"67":{"start":{"line":68,"column":0},"end":{"line":68,"column":18}},"68":{"start":{"line":69,"column":0},"end":{"line":69,"column":38}},"69":{"start":{"line":70,"column":0},"end":{"line":70,"column":64}},"70":{"start":{"line":71,"column":0},"end":{"line":71,"column":63}},"71":{"start":{"line":72,"column":0},"end":{"line":72,"column":28}},"72":{"start":{"line":73,"column":0},"end":{"line":73,"column":30}},"73":{"start":{"line":74,"column":0},"end":{"line":74,"column":92}},"74":{"start":{"line":75,"column":0},"end":{"line":75,"column":58}},"75":{"start":{"line":76,"column":0},"end":{"line":76,"column":21}},"76":{"start":{"line":77,"column":0},"end":{"line":77,"column":18}},"77":{"start":{"line":78,"column":0},"end":{"line":78,"column":15}},"78":{"start":{"line":79,"column":0},"end":{"line":79,"column":0}},"79":{"start":{"line":80,"column":0},"end":{"line":80,"column":31}},"80":{"start":{"line":81,"column":0},"end":{"line":81,"column":52}},"81":{"start":{"line":82,"column":0},"end":{"line":82,"column":71}},"82":{"start":{"line":83,"column":0},"end":{"line":83,"column":49}},"83":{"start":{"line":84,"column":0},"end":{"line":84,"column":13}},"84":{"start":{"line":85,"column":0},"end":{"line":85,"column":0}},"85":{"start":{"line":86,"column":0},"end":{"line":86,"column":59}},"86":{"start":{"line":87,"column":0},"end":{"line":87,"column":23}},"87":{"start":{"line":88,"column":0},"end":{"line":88,"column":69}},"88":{"start":{"line":89,"column":0},"end":{"line":89,"column":58}},"89":{"start":{"line":90,"column":0},"end":{"line":90,"column":9}},"90":{"start":{"line":91,"column":0},"end":{"line":91,"column":6}},"91":{"start":{"line":92,"column":0},"end":{"line":92,"column":0}},"92":{"start":{"line":93,"column":0},"end":{"line":93,"column":7}},"93":{"start":{"line":94,"column":0},"end":{"line":94,"column":23}},"94":{"start":{"line":95,"column":0},"end":{"line":95,"column":7}},"95":{"start":{"line":96,"column":0},"end":{"line":96,"column":69}},"96":{"start":{"line":97,"column":0},"end":{"line":97,"column":13}},"97":{"start":{"line":98,"column":0},"end":{"line":98,"column":75}},"98":{"start":{"line":99,"column":0},"end":{"line":99,"column":31}},"99":{"start":{"line":100,"column":0},"end":{"line":100,"column":26}},"100":{"start":{"line":101,"column":0},"end":{"line":101,"column":56}},"101":{"start":{"line":102,"column":0},"end":{"line":102,"column":54}},"102":{"start":{"line":103,"column":0},"end":{"line":103,"column":18}},"103":{"start":{"line":104,"column":0},"end":{"line":104,"column":38}},"104":{"start":{"line":105,"column":0},"end":{"line":105,"column":36}},"105":{"start":{"line":106,"column":0},"end":{"line":106,"column":29}},"106":{"start":{"line":107,"column":0},"end":{"line":107,"column":28}},"107":{"start":{"line":108,"column":0},"end":{"line":108,"column":24}},"108":{"start":{"line":109,"column":0},"end":{"line":109,"column":18}},"109":{"start":{"line":110,"column":0},"end":{"line":110,"column":15}},"110":{"start":{"line":111,"column":0},"end":{"line":111,"column":0}},"111":{"start":{"line":112,"column":0},"end":{"line":112,"column":47}},"112":{"start":{"line":113,"column":0},"end":{"line":113,"column":31}},"113":{"start":{"line":114,"column":0},"end":{"line":114,"column":68}},"114":{"start":{"line":115,"column":0},"end":{"line":115,"column":55}},"115":{"start":{"line":116,"column":0},"end":{"line":116,"column":13}},"116":{"start":{"line":117,"column":0},"end":{"line":117,"column":0}},"117":{"start":{"line":118,"column":0},"end":{"line":118,"column":70}},"118":{"start":{"line":119,"column":0},"end":{"line":119,"column":23}},"119":{"start":{"line":120,"column":0},"end":{"line":120,"column":67}},"120":{"start":{"line":121,"column":0},"end":{"line":121,"column":58}},"121":{"start":{"line":122,"column":0},"end":{"line":122,"column":9}},"122":{"start":{"line":123,"column":0},"end":{"line":123,"column":6}},"123":{"start":{"line":124,"column":0},"end":{"line":124,"column":0}},"124":{"start":{"line":125,"column":0},"end":{"line":125,"column":44}},"125":{"start":{"line":126,"column":0},"end":{"line":126,"column":0}},"126":{"start":{"line":127,"column":0},"end":{"line":127,"column":7}},"127":{"start":{"line":128,"column":0},"end":{"line":128,"column":34}},"128":{"start":{"line":129,"column":0},"end":{"line":129,"column":7}},"129":{"start":{"line":130,"column":0},"end":{"line":130,"column":44}},"130":{"start":{"line":131,"column":0},"end":{"line":131,"column":16}},"131":{"start":{"line":132,"column":0},"end":{"line":132,"column":57}},"132":{"start":{"line":133,"column":0},"end":{"line":133,"column":19}},"133":{"start":{"line":134,"column":0},"end":{"line":134,"column":137}},"134":{"start":{"line":135,"column":0},"end":{"line":135,"column":72}},"135":{"start":{"line":136,"column":0},"end":{"line":136,"column":99}},"136":{"start":{"line":137,"column":0},"end":{"line":137,"column":69}},"137":{"start":{"line":138,"column":0},"end":{"line":138,"column":233}},"138":{"start":{"line":139,"column":0},"end":{"line":139,"column":26}},"139":{"start":{"line":140,"column":0},"end":{"line":140,"column":89}},"140":{"start":{"line":141,"column":0},"end":{"line":141,"column":90}},"141":{"start":{"line":142,"column":0},"end":{"line":142,"column":104}},"142":{"start":{"line":143,"column":0},"end":{"line":143,"column":22}},"143":{"start":{"line":144,"column":0},"end":{"line":144,"column":13}},"144":{"start":{"line":145,"column":0},"end":{"line":145,"column":10}},"145":{"start":{"line":146,"column":0},"end":{"line":146,"column":6}},"146":{"start":{"line":147,"column":0},"end":{"line":147,"column":0}},"147":{"start":{"line":148,"column":0},"end":{"line":148,"column":7}},"148":{"start":{"line":149,"column":0},"end":{"line":149,"column":36}},"149":{"start":{"line":150,"column":0},"end":{"line":150,"column":7}},"150":{"start":{"line":151,"column":0},"end":{"line":151,"column":44}},"151":{"start":{"line":152,"column":0},"end":{"line":152,"column":16}},"152":{"start":{"line":153,"column":0},"end":{"line":153,"column":58}},"153":{"start":{"line":154,"column":0},"end":{"line":154,"column":19}},"154":{"start":{"line":155,"column":0},"end":{"line":155,"column":137}},"155":{"start":{"line":156,"column":0},"end":{"line":156,"column":72}},"156":{"start":{"line":157,"column":0},"end":{"line":157,"column":96}},"157":{"start":{"line":158,"column":0},"end":{"line":158,"column":69}},"158":{"start":{"line":159,"column":0},"end":{"line":159,"column":232}},"159":{"start":{"line":160,"column":0},"end":{"line":160,"column":26}},"160":{"start":{"line":161,"column":0},"end":{"line":161,"column":84}},"161":{"start":{"line":162,"column":0},"end":{"line":162,"column":102}},"162":{"start":{"line":163,"column":0},"end":{"line":163,"column":90}},"163":{"start":{"line":164,"column":0},"end":{"line":164,"column":104}},"164":{"start":{"line":165,"column":0},"end":{"line":165,"column":22}},"165":{"start":{"line":166,"column":0},"end":{"line":166,"column":13}},"166":{"start":{"line":167,"column":0},"end":{"line":167,"column":10}},"167":{"start":{"line":168,"column":0},"end":{"line":168,"column":6}},"168":{"start":{"line":169,"column":0},"end":{"line":169,"column":71}},"169":{"start":{"line":170,"column":0},"end":{"line":170,"column":16}},"170":{"start":{"line":171,"column":0},"end":{"line":171,"column":53}},"171":{"start":{"line":172,"column":0},"end":{"line":172,"column":19}},"172":{"start":{"line":173,"column":0},"end":{"line":173,"column":137}},"173":{"start":{"line":174,"column":0},"end":{"line":174,"column":73}},"174":{"start":{"line":175,"column":0},"end":{"line":175,"column":120}},"175":{"start":{"line":176,"column":0},"end":{"line":176,"column":66}},"176":{"start":{"line":177,"column":0},"end":{"line":177,"column":69}},"177":{"start":{"line":178,"column":0},"end":{"line":178,"column":223}},"178":{"start":{"line":179,"column":0},"end":{"line":179,"column":26}},"179":{"start":{"line":180,"column":0},"end":{"line":180,"column":90}},"180":{"start":{"line":181,"column":0},"end":{"line":181,"column":104}},"181":{"start":{"line":182,"column":0},"end":{"line":182,"column":22}},"182":{"start":{"line":183,"column":0},"end":{"line":183,"column":13}},"183":{"start":{"line":184,"column":0},"end":{"line":184,"column":10}},"184":{"start":{"line":185,"column":0},"end":{"line":185,"column":5}},"185":{"start":{"line":186,"column":0},"end":{"line":186,"column":2}},"186":{"start":{"line":187,"column":0},"end":{"line":187,"column":0}},"187":{"start":{"line":188,"column":0},"end":{"line":188,"column":30}}},"s":{"0":1,"1":1,"2":1,"3":1,"4":1,"5":1,"6":1,"7":1,"8":1,"9":1,"10":1,"11":1,"12":1,"13":1,"14":1,"15":1,"16":1,"17":1,"18":1,"19":1,"20":1,"21":1,"22":1,"23":1,"24":1,"25":1,"26":1,"27":1,"28":0,"29":0,"30":0,"31":0,"32":0,"33":0,"34":0,"35":0,"36":0,"37":0,"38":0,"39":0,"40":0,"41":0,"42":0,"43":1,"44":1,"45":1,"46":1,"47":1,"48":1,"49":0,"50":0,"51":0,"52":0,"53":0,"54":0,"55":1,"56":1,"57":1,"58":1,"59":1,"60":1,"61":0,"62":0,"63":0,"64":0,"65":0,"66":0,"67":0,"68":0,"69":0,"70":0,"71":0,"72":0,"73":0,"74":0,"75":0,"76":0,"77":0,"78":0,"79":0,"80":0,"81":0,"82":0,"83":0,"84":0,"85":0,"86":0,"87":0,"88":0,"89":0,"90":1,"91":1,"92":1,"93":1,"94":1,"95":1,"96":0,"97":0,"98":0,"99":0,"100":0,"101":0,"102":0,"103":0,"104":0,"105":0,"106":0,"107":0,"108":0,"109":0,"110":0,"111":0,"112":0,"113":0,"114":0,"115":0,"116":0,"117":0,"118":0,"119":0,"120":0,"121":0,"122":1,"123":1,"124":1,"125":1,"126":1,"127":1,"128":1,"129":1,"130":0,"131":0,"132":0,"133":0,"134":0,"135":0,"136":0,"137":0,"138":0,"139":0,"140":0,"141":0,"142":0,"143":0,"144":0,"145":1,"146":1,"147":1,"148":1,"149":1,"150":1,"151":0,"152":0,"153":0,"154":0,"155":0,"156":0,"157":0,"158":0,"159":0,"160":0,"161":0,"162":0,"163":0,"164":0,"165":0,"166":0,"167":1,"168":1,"169":0,"170":0,"171":0,"172":0,"173":0,"174":0,"175":0,"176":0,"177":0,"178":0,"179":0,"180":0,"181":0,"182":0,"183":0,"184":0,"185":1,"186":1,"187":1},"branchMap":{},"b":{},"fnMap":{"0":{"name":"send","decl":{"start":{"line":28,"column":4},"end":{"line":44,"column":5}},"loc":{"start":{"line":28,"column":4},"end":{"line":44,"column":5}},"line":28},"1":{"name":"_logToConsole","decl":{"start":{"line":49,"column":4},"end":{"line":56,"column":5}},"loc":{"start":{"line":49,"column":4},"end":{"line":56,"column":5}},"line":49},"2":{"name":"_sendWithSendGrid","decl":{"start":{"line":61,"column":4},"end":{"line":91,"column":5}},"loc":{"start":{"line":61,"column":4},"end":{"line":91,"column":5}},"line":61},"3":{"name":"_sendWithResend","decl":{"start":{"line":96,"column":4},"end":{"line":123,"column":5}},"loc":{"start":{"line":96,"column":4},"end":{"line":123,"column":5}},"line":96},"4":{"name":"verificationEmail","decl":{"start":{"line":130,"column":4},"end":{"line":146,"column":5}},"loc":{"start":{"line":130,"column":4},"end":{"line":146,"column":5}},"line":130},"5":{"name":"passwordResetEmail","decl":{"start":{"line":151,"column":4},"end":{"line":168,"column":5}},"loc":{"start":{"line":151,"column":4},"end":{"line":168,"column":5}},"line":151},"6":{"name":"cardRequestEmail","decl":{"start":{"line":169,"column":4},"end":{"line":185,"column":5}},"loc":{"start":{"line":169,"column":4},"end":{"line":185,"column":5}},"line":169}},"f":{"0":0,"1":0,"2":0,"3":0,"4":0,"5":0,"6":0}}
,"C:\\Users\\TheFo\\Downloads\\nfc\\server.js": {"path":"C:\\Users\\TheFo\\Downloads\\nfc\\server.js","all":false,"statementMap":{"0":{"start":{"line":1,"column":0},"end":{"line":1,"column":60}},"1":{"start":{"line":2,"column":0},"end":{"line":2,"column":0}},"2":{"start":{"line":3,"column":0},"end":{"line":3,"column":27}},"3":{"start":{"line":4,"column":0},"end":{"line":4,"column":35}},"4":{"start":{"line":5,"column":0},"end":{"line":5,"column":43}},"5":{"start":{"line":6,"column":0},"end":{"line":6,"column":43}},"6":{"start":{"line":7,"column":0},"end":{"line":7,"column":29}},"7":{"start":{"line":8,"column":0},"end":{"line":8,"column":29}},"8":{"start":{"line":9,"column":0},"end":{"line":9,"column":25}},"9":{"start":{"line":10,"column":0},"end":{"line":10,"column":33}},"10":{"start":{"line":11,"column":0},"end":{"line":11,"column":48}},"11":{"start":{"line":12,"column":0},"end":{"line":12,"column":37}},"12":{"start":{"line":13,"column":0},"end":{"line":13,"column":64}},"13":{"start":{"line":14,"column":0},"end":{"line":14,"column":35}},"14":{"start":{"line":15,"column":0},"end":{"line":15,"column":36}},"15":{"start":{"line":16,"column":0},"end":{"line":16,"column":46}},"16":{"start":{"line":17,"column":0},"end":{"line":17,"column":49}},"17":{"start":{"line":18,"column":0},"end":{"line":18,"column":87}},"18":{"start":{"line":19,"column":0},"end":{"line":19,"column":48}},"19":{"start":{"line":20,"column":0},"end":{"line":20,"column":35}},"20":{"start":{"line":21,"column":0},"end":{"line":21,"column":46}},"21":{"start":{"line":22,"column":0},"end":{"line":22,"column":33}},"22":{"start":{"line":23,"column":0},"end":{"line":23,"column":31}},"23":{"start":{"line":24,"column":0},"end":{"line":24,"column":27}},"24":{"start":{"line":25,"column":0},"end":{"line":25,"column":33}},"25":{"start":{"line":26,"column":0},"end":{"line":26,"column":47}},"26":{"start":{"line":27,"column":0},"end":{"line":27,"column":29}},"27":{"start":{"line":28,"column":0},"end":{"line":28,"column":42}},"28":{"start":{"line":29,"column":0},"end":{"line":29,"column":27}},"29":{"start":{"line":30,"column":0},"end":{"line":30,"column":0}},"30":{"start":{"line":31,"column":0},"end":{"line":31,"column":38}},"31":{"start":{"line":32,"column":0},"end":{"line":32,"column":43}},"32":{"start":{"line":33,"column":0},"end":{"line":33,"column":0}},"33":{"start":{"line":34,"column":0},"end":{"line":34,"column":22}},"34":{"start":{"line":35,"column":0},"end":{"line":35,"column":0}},"35":{"start":{"line":36,"column":0},"end":{"line":36,"column":34}},"36":{"start":{"line":37,"column":0},"end":{"line":37,"column":23}},"37":{"start":{"line":38,"column":0},"end":{"line":38,"column":29}},"38":{"start":{"line":39,"column":0},"end":{"line":39,"column":0}},"39":{"start":{"line":40,"column":0},"end":{"line":40,"column":38}},"40":{"start":{"line":41,"column":0},"end":{"line":41,"column":67}},"41":{"start":{"line":42,"column":0},"end":{"line":42,"column":28}},"42":{"start":{"line":43,"column":0},"end":{"line":43,"column":0}},"43":{"start":{"line":44,"column":0},"end":{"line":44,"column":43}},"44":{"start":{"line":45,"column":0},"end":{"line":45,"column":47}},"45":{"start":{"line":46,"column":0},"end":{"line":46,"column":28}},"46":{"start":{"line":47,"column":0},"end":{"line":47,"column":26}},"47":{"start":{"line":48,"column":0},"end":{"line":48,"column":83}},"48":{"start":{"line":49,"column":0},"end":{"line":49,"column":62}},"49":{"start":{"line":50,"column":0},"end":{"line":50,"column":29}},"50":{"start":{"line":51,"column":0},"end":{"line":51,"column":66}},"51":{"start":{"line":52,"column":0},"end":{"line":52,"column":9}},"52":{"start":{"line":53,"column":0},"end":{"line":53,"column":3}},"53":{"start":{"line":54,"column":0},"end":{"line":54,"column":0}},"54":{"start":{"line":55,"column":0},"end":{"line":55,"column":38}},"55":{"start":{"line":56,"column":0},"end":{"line":56,"column":15}},"56":{"start":{"line":57,"column":0},"end":{"line":57,"column":27}},"57":{"start":{"line":58,"column":0},"end":{"line":58,"column":161}},"58":{"start":{"line":59,"column":0},"end":{"line":59,"column":137}},"59":{"start":{"line":60,"column":0},"end":{"line":60,"column":53}},"60":{"start":{"line":61,"column":0},"end":{"line":61,"column":151}},"61":{"start":{"line":62,"column":0},"end":{"line":62,"column":34}},"62":{"start":{"line":63,"column":0},"end":{"line":63,"column":52}},"63":{"start":{"line":64,"column":0},"end":{"line":64,"column":215}},"64":{"start":{"line":65,"column":0},"end":{"line":65,"column":26}},"65":{"start":{"line":66,"column":0},"end":{"line":66,"column":32}},"66":{"start":{"line":67,"column":0},"end":{"line":67,"column":4}},"67":{"start":{"line":68,"column":0},"end":{"line":68,"column":4}},"68":{"start":{"line":69,"column":0},"end":{"line":69,"column":41}},"69":{"start":{"line":70,"column":0},"end":{"line":70,"column":0}},"70":{"start":{"line":71,"column":0},"end":{"line":71,"column":105}},"71":{"start":{"line":72,"column":0},"end":{"line":72,"column":0}},"72":{"start":{"line":73,"column":0},"end":{"line":73,"column":67}},"73":{"start":{"line":74,"column":0},"end":{"line":74,"column":75}},"74":{"start":{"line":75,"column":0},"end":{"line":75,"column":105}},"75":{"start":{"line":76,"column":0},"end":{"line":76,"column":1}},"76":{"start":{"line":77,"column":0},"end":{"line":77,"column":0}},"77":{"start":{"line":78,"column":0},"end":{"line":78,"column":14}},"78":{"start":{"line":79,"column":0},"end":{"line":79,"column":27}},"79":{"start":{"line":80,"column":0},"end":{"line":80,"column":74}},"80":{"start":{"line":81,"column":0},"end":{"line":81,"column":39}},"81":{"start":{"line":82,"column":0},"end":{"line":82,"column":64}},"82":{"start":{"line":83,"column":0},"end":{"line":83,"column":63}},"83":{"start":{"line":84,"column":0},"end":{"line":84,"column":41}},"84":{"start":{"line":85,"column":0},"end":{"line":85,"column":4}},"85":{"start":{"line":86,"column":0},"end":{"line":86,"column":19}},"86":{"start":{"line":87,"column":0},"end":{"line":87,"column":4}},"87":{"start":{"line":88,"column":0},"end":{"line":88,"column":41}},"88":{"start":{"line":89,"column":0},"end":{"line":89,"column":24}},"89":{"start":{"line":90,"column":0},"end":{"line":90,"column":30}},"90":{"start":{"line":91,"column":0},"end":{"line":91,"column":0}},"91":{"start":{"line":92,"column":0},"end":{"line":92,"column":30}},"92":{"start":{"line":93,"column":0},"end":{"line":93,"column":39}},"93":{"start":{"line":94,"column":0},"end":{"line":94,"column":48}},"94":{"start":{"line":95,"column":0},"end":{"line":95,"column":74}},"95":{"start":{"line":96,"column":0},"end":{"line":96,"column":60}},"96":{"start":{"line":97,"column":0},"end":{"line":97,"column":86}},"97":{"start":{"line":98,"column":0},"end":{"line":98,"column":46}},"98":{"start":{"line":99,"column":0},"end":{"line":99,"column":50}},"99":{"start":{"line":100,"column":0},"end":{"line":100,"column":7}},"100":{"start":{"line":101,"column":0},"end":{"line":101,"column":0}},"101":{"start":{"line":102,"column":0},"end":{"line":102,"column":29}},"102":{"start":{"line":103,"column":0},"end":{"line":103,"column":25}},"103":{"start":{"line":104,"column":0},"end":{"line":104,"column":27}},"104":{"start":{"line":105,"column":0},"end":{"line":105,"column":37}},"105":{"start":{"line":106,"column":0},"end":{"line":106,"column":0}},"106":{"start":{"line":107,"column":0},"end":{"line":107,"column":44}},"107":{"start":{"line":108,"column":0},"end":{"line":108,"column":9}},"108":{"start":{"line":109,"column":0},"end":{"line":109,"column":95}},"109":{"start":{"line":110,"column":0},"end":{"line":110,"column":77}},"110":{"start":{"line":111,"column":0},"end":{"line":111,"column":80}},"111":{"start":{"line":112,"column":0},"end":{"line":112,"column":91}},"112":{"start":{"line":113,"column":0},"end":{"line":113,"column":92}},"113":{"start":{"line":114,"column":0},"end":{"line":114,"column":38}},"114":{"start":{"line":115,"column":0},"end":{"line":115,"column":79}},"115":{"start":{"line":116,"column":0},"end":{"line":116,"column":115}},"116":{"start":{"line":117,"column":0},"end":{"line":117,"column":97}},"117":{"start":{"line":118,"column":0},"end":{"line":118,"column":104}},"118":{"start":{"line":119,"column":0},"end":{"line":119,"column":45}},"119":{"start":{"line":120,"column":0},"end":{"line":120,"column":24}},"120":{"start":{"line":121,"column":0},"end":{"line":121,"column":72}},"121":{"start":{"line":122,"column":0},"end":{"line":122,"column":5}},"122":{"start":{"line":123,"column":0},"end":{"line":123,"column":4}},"123":{"start":{"line":124,"column":0},"end":{"line":124,"column":87}},"124":{"start":{"line":125,"column":0},"end":{"line":125,"column":0}},"125":{"start":{"line":126,"column":0},"end":{"line":126,"column":26}},"126":{"start":{"line":127,"column":0},"end":{"line":127,"column":0}},"127":{"start":{"line":128,"column":0},"end":{"line":128,"column":28}},"128":{"start":{"line":129,"column":0},"end":{"line":129,"column":31}},"129":{"start":{"line":130,"column":0},"end":{"line":130,"column":44}},"130":{"start":{"line":131,"column":0},"end":{"line":131,"column":50}},"131":{"start":{"line":132,"column":0},"end":{"line":132,"column":78}},"132":{"start":{"line":133,"column":0},"end":{"line":133,"column":31}},"133":{"start":{"line":134,"column":0},"end":{"line":134,"column":30}},"134":{"start":{"line":135,"column":0},"end":{"line":135,"column":1}},"135":{"start":{"line":136,"column":0},"end":{"line":136,"column":0}},"136":{"start":{"line":137,"column":0},"end":{"line":137,"column":28}},"137":{"start":{"line":138,"column":0},"end":{"line":138,"column":32}},"138":{"start":{"line":139,"column":0},"end":{"line":139,"column":33}},"139":{"start":{"line":140,"column":0},"end":{"line":140,"column":54}},"140":{"start":{"line":141,"column":0},"end":{"line":141,"column":2}},"141":{"start":{"line":142,"column":0},"end":{"line":142,"column":0}},"142":{"start":{"line":143,"column":0},"end":{"line":143,"column":33}},"143":{"start":{"line":144,"column":0},"end":{"line":144,"column":25}},"144":{"start":{"line":145,"column":0},"end":{"line":145,"column":34}},"145":{"start":{"line":146,"column":0},"end":{"line":146,"column":35}},"146":{"start":{"line":147,"column":0},"end":{"line":147,"column":23}},"147":{"start":{"line":148,"column":0},"end":{"line":148,"column":62}},"148":{"start":{"line":149,"column":0},"end":{"line":149,"column":5}},"149":{"start":{"line":150,"column":0},"end":{"line":150,"column":5}},"150":{"start":{"line":151,"column":0},"end":{"line":151,"column":54}},"151":{"start":{"line":152,"column":0},"end":{"line":152,"column":70}},"152":{"start":{"line":153,"column":0},"end":{"line":153,"column":14}},"153":{"start":{"line":154,"column":0},"end":{"line":154,"column":77}},"154":{"start":{"line":155,"column":0},"end":{"line":155,"column":8}},"155":{"start":{"line":156,"column":0},"end":{"line":156,"column":3}},"156":{"start":{"line":157,"column":0},"end":{"line":157,"column":54}},"157":{"start":{"line":158,"column":0},"end":{"line":158,"column":71}},"158":{"start":{"line":159,"column":0},"end":{"line":159,"column":15}},"159":{"start":{"line":160,"column":0},"end":{"line":160,"column":80}},"160":{"start":{"line":161,"column":0},"end":{"line":161,"column":8}},"161":{"start":{"line":162,"column":0},"end":{"line":162,"column":3}},"162":{"start":{"line":163,"column":0},"end":{"line":163,"column":19}},"163":{"start":{"line":164,"column":0},"end":{"line":164,"column":1}},"164":{"start":{"line":165,"column":0},"end":{"line":165,"column":0}},"165":{"start":{"line":166,"column":0},"end":{"line":166,"column":30}},"166":{"start":{"line":167,"column":0},"end":{"line":167,"column":66}},"167":{"start":{"line":168,"column":0},"end":{"line":168,"column":7}},"168":{"start":{"line":169,"column":0},"end":{"line":169,"column":14}},"169":{"start":{"line":170,"column":0},"end":{"line":170,"column":58}},"170":{"start":{"line":171,"column":0},"end":{"line":171,"column":54}},"171":{"start":{"line":172,"column":0},"end":{"line":172,"column":5}},"172":{"start":{"line":173,"column":0},"end":{"line":173,"column":0}},"173":{"start":{"line":174,"column":0},"end":{"line":174,"column":36}},"174":{"start":{"line":175,"column":0},"end":{"line":175,"column":0}},"175":{"start":{"line":176,"column":0},"end":{"line":176,"column":36}},"176":{"start":{"line":177,"column":0},"end":{"line":177,"column":58}},"177":{"start":{"line":178,"column":0},"end":{"line":178,"column":91}},"178":{"start":{"line":179,"column":0},"end":{"line":179,"column":5}},"179":{"start":{"line":180,"column":0},"end":{"line":180,"column":0}},"180":{"start":{"line":181,"column":0},"end":{"line":181,"column":77}},"181":{"start":{"line":182,"column":0},"end":{"line":182,"column":44}},"182":{"start":{"line":183,"column":0},"end":{"line":183,"column":58}},"183":{"start":{"line":184,"column":0},"end":{"line":184,"column":61}},"184":{"start":{"line":185,"column":0},"end":{"line":185,"column":5}},"185":{"start":{"line":186,"column":0},"end":{"line":186,"column":0}},"186":{"start":{"line":187,"column":0},"end":{"line":187,"column":84}},"187":{"start":{"line":188,"column":0},"end":{"line":188,"column":0}},"188":{"start":{"line":189,"column":0},"end":{"line":189,"column":28}},"189":{"start":{"line":190,"column":0},"end":{"line":190,"column":58}},"190":{"start":{"line":191,"column":0},"end":{"line":191,"column":73}},"191":{"start":{"line":192,"column":0},"end":{"line":192,"column":5}},"192":{"start":{"line":193,"column":0},"end":{"line":193,"column":0}},"193":{"start":{"line":194,"column":0},"end":{"line":194,"column":51}},"194":{"start":{"line":195,"column":0},"end":{"line":195,"column":22}},"195":{"start":{"line":196,"column":0},"end":{"line":196,"column":28}},"196":{"start":{"line":197,"column":0},"end":{"line":197,"column":84}},"197":{"start":{"line":198,"column":0},"end":{"line":198,"column":0}},"198":{"start":{"line":199,"column":0},"end":{"line":199,"column":51}},"199":{"start":{"line":200,"column":0},"end":{"line":200,"column":0}},"200":{"start":{"line":201,"column":0},"end":{"line":201,"column":38}},"201":{"start":{"line":202,"column":0},"end":{"line":202,"column":55}},"202":{"start":{"line":203,"column":0},"end":{"line":203,"column":0}},"203":{"start":{"line":204,"column":0},"end":{"line":204,"column":41}},"204":{"start":{"line":205,"column":0},"end":{"line":205,"column":79}},"205":{"start":{"line":206,"column":0},"end":{"line":206,"column":70}},"206":{"start":{"line":207,"column":0},"end":{"line":207,"column":0}},"207":{"start":{"line":208,"column":0},"end":{"line":208,"column":30}},"208":{"start":{"line":209,"column":0},"end":{"line":209,"column":23}},"209":{"start":{"line":210,"column":0},"end":{"line":210,"column":70}},"210":{"start":{"line":211,"column":0},"end":{"line":211,"column":60}},"211":{"start":{"line":212,"column":0},"end":{"line":212,"column":60}},"212":{"start":{"line":213,"column":0},"end":{"line":213,"column":79}},"213":{"start":{"line":214,"column":0},"end":{"line":214,"column":83}},"214":{"start":{"line":215,"column":0},"end":{"line":215,"column":80}},"215":{"start":{"line":216,"column":0},"end":{"line":216,"column":59}},"216":{"start":{"line":217,"column":0},"end":{"line":217,"column":69}},"217":{"start":{"line":218,"column":0},"end":{"line":218,"column":72}},"218":{"start":{"line":219,"column":0},"end":{"line":219,"column":81}},"219":{"start":{"line":220,"column":0},"end":{"line":220,"column":74}},"220":{"start":{"line":221,"column":0},"end":{"line":221,"column":79}},"221":{"start":{"line":222,"column":0},"end":{"line":222,"column":6}},"222":{"start":{"line":223,"column":0},"end":{"line":223,"column":0}},"223":{"start":{"line":224,"column":0},"end":{"line":224,"column":25}},"224":{"start":{"line":225,"column":0},"end":{"line":225,"column":47}},"225":{"start":{"line":226,"column":0},"end":{"line":226,"column":56}},"226":{"start":{"line":227,"column":0},"end":{"line":227,"column":0}},"227":{"start":{"line":228,"column":0},"end":{"line":228,"column":63}},"228":{"start":{"line":229,"column":0},"end":{"line":229,"column":57}},"229":{"start":{"line":230,"column":0},"end":{"line":230,"column":40}},"230":{"start":{"line":231,"column":0},"end":{"line":231,"column":57}},"231":{"start":{"line":232,"column":0},"end":{"line":232,"column":33}},"232":{"start":{"line":233,"column":0},"end":{"line":233,"column":28}},"233":{"start":{"line":234,"column":0},"end":{"line":234,"column":72}},"234":{"start":{"line":235,"column":0},"end":{"line":235,"column":99}},"235":{"start":{"line":236,"column":0},"end":{"line":236,"column":181}},"236":{"start":{"line":237,"column":0},"end":{"line":237,"column":158}},"237":{"start":{"line":238,"column":0},"end":{"line":238,"column":0}},"238":{"start":{"line":239,"column":0},"end":{"line":239,"column":24}},"239":{"start":{"line":240,"column":0},"end":{"line":240,"column":90}},"240":{"start":{"line":241,"column":0},"end":{"line":241,"column":115}},"241":{"start":{"line":242,"column":0},"end":{"line":242,"column":56}},"242":{"start":{"line":243,"column":0},"end":{"line":243,"column":52}},"243":{"start":{"line":244,"column":0},"end":{"line":244,"column":24}},"244":{"start":{"line":245,"column":0},"end":{"line":245,"column":74}},"245":{"start":{"line":246,"column":0},"end":{"line":246,"column":51}},"246":{"start":{"line":247,"column":0},"end":{"line":247,"column":29}},"247":{"start":{"line":248,"column":0},"end":{"line":248,"column":22}},"248":{"start":{"line":249,"column":0},"end":{"line":249,"column":15}},"249":{"start":{"line":250,"column":0},"end":{"line":250,"column":7}},"250":{"start":{"line":251,"column":0},"end":{"line":251,"column":7}},"251":{"start":{"line":252,"column":0},"end":{"line":252,"column":0}},"252":{"start":{"line":253,"column":0},"end":{"line":253,"column":29}},"253":{"start":{"line":254,"column":0},"end":{"line":254,"column":43}},"254":{"start":{"line":255,"column":0},"end":{"line":255,"column":35}},"255":{"start":{"line":256,"column":0},"end":{"line":256,"column":65}},"256":{"start":{"line":257,"column":0},"end":{"line":257,"column":64}},"257":{"start":{"line":258,"column":0},"end":{"line":258,"column":47}},"258":{"start":{"line":259,"column":0},"end":{"line":259,"column":26}},"259":{"start":{"line":260,"column":0},"end":{"line":260,"column":87}},"260":{"start":{"line":261,"column":0},"end":{"line":261,"column":66}},"261":{"start":{"line":262,"column":0},"end":{"line":262,"column":56}},"262":{"start":{"line":263,"column":0},"end":{"line":263,"column":58}},"263":{"start":{"line":264,"column":0},"end":{"line":264,"column":28}},"264":{"start":{"line":265,"column":0},"end":{"line":265,"column":77}},"265":{"start":{"line":266,"column":0},"end":{"line":266,"column":55}},"266":{"start":{"line":267,"column":0},"end":{"line":267,"column":33}},"267":{"start":{"line":268,"column":0},"end":{"line":268,"column":26}},"268":{"start":{"line":269,"column":0},"end":{"line":269,"column":19}},"269":{"start":{"line":270,"column":0},"end":{"line":270,"column":9}},"270":{"start":{"line":271,"column":0},"end":{"line":271,"column":9}},"271":{"start":{"line":272,"column":0},"end":{"line":272,"column":5}},"272":{"start":{"line":273,"column":0},"end":{"line":273,"column":0}},"273":{"start":{"line":274,"column":0},"end":{"line":274,"column":29}},"274":{"start":{"line":275,"column":0},"end":{"line":275,"column":42}},"275":{"start":{"line":276,"column":0},"end":{"line":276,"column":78}},"276":{"start":{"line":277,"column":0},"end":{"line":277,"column":52}},"277":{"start":{"line":278,"column":0},"end":{"line":278,"column":55}},"278":{"start":{"line":279,"column":0},"end":{"line":279,"column":35}},"279":{"start":{"line":280,"column":0},"end":{"line":280,"column":30}},"280":{"start":{"line":281,"column":0},"end":{"line":281,"column":90}},"281":{"start":{"line":282,"column":0},"end":{"line":282,"column":70}},"282":{"start":{"line":283,"column":0},"end":{"line":283,"column":26}},"283":{"start":{"line":284,"column":0},"end":{"line":284,"column":94}},"284":{"start":{"line":285,"column":0},"end":{"line":285,"column":119}},"285":{"start":{"line":286,"column":0},"end":{"line":286,"column":60}},"286":{"start":{"line":287,"column":0},"end":{"line":287,"column":56}},"287":{"start":{"line":288,"column":0},"end":{"line":288,"column":28}},"288":{"start":{"line":289,"column":0},"end":{"line":289,"column":78}},"289":{"start":{"line":290,"column":0},"end":{"line":290,"column":55}},"290":{"start":{"line":291,"column":0},"end":{"line":291,"column":33}},"291":{"start":{"line":292,"column":0},"end":{"line":292,"column":26}},"292":{"start":{"line":293,"column":0},"end":{"line":293,"column":19}},"293":{"start":{"line":294,"column":0},"end":{"line":294,"column":9}},"294":{"start":{"line":295,"column":0},"end":{"line":295,"column":9}},"295":{"start":{"line":296,"column":0},"end":{"line":296,"column":5}},"296":{"start":{"line":297,"column":0},"end":{"line":297,"column":0}},"297":{"start":{"line":298,"column":0},"end":{"line":298,"column":31}},"298":{"start":{"line":299,"column":0},"end":{"line":299,"column":80}},"299":{"start":{"line":300,"column":0},"end":{"line":300,"column":12}},"300":{"start":{"line":301,"column":0},"end":{"line":301,"column":26}},"301":{"start":{"line":302,"column":0},"end":{"line":302,"column":40}},"302":{"start":{"line":303,"column":0},"end":{"line":303,"column":48}},"303":{"start":{"line":304,"column":0},"end":{"line":304,"column":72}},"304":{"start":{"line":305,"column":0},"end":{"line":305,"column":16}},"305":{"start":{"line":306,"column":0},"end":{"line":306,"column":8}},"306":{"start":{"line":307,"column":0},"end":{"line":307,"column":5}},"307":{"start":{"line":308,"column":0},"end":{"line":308,"column":0}},"308":{"start":{"line":309,"column":0},"end":{"line":309,"column":47}},"309":{"start":{"line":310,"column":0},"end":{"line":310,"column":45}},"310":{"start":{"line":311,"column":0},"end":{"line":311,"column":26}},"311":{"start":{"line":312,"column":0},"end":{"line":312,"column":50}},"312":{"start":{"line":313,"column":0},"end":{"line":313,"column":25}},"313":{"start":{"line":314,"column":0},"end":{"line":314,"column":83}},"314":{"start":{"line":315,"column":0},"end":{"line":315,"column":5}},"315":{"start":{"line":316,"column":0},"end":{"line":316,"column":0}},"316":{"start":{"line":317,"column":0},"end":{"line":317,"column":22}},"317":{"start":{"line":318,"column":0},"end":{"line":318,"column":43}},"318":{"start":{"line":319,"column":0},"end":{"line":319,"column":11}},"319":{"start":{"line":320,"column":0},"end":{"line":320,"column":62}},"320":{"start":{"line":321,"column":0},"end":{"line":321,"column":33}},"321":{"start":{"line":322,"column":0},"end":{"line":322,"column":0}},"322":{"start":{"line":323,"column":0},"end":{"line":323,"column":50}},"323":{"start":{"line":324,"column":0},"end":{"line":324,"column":14}},"324":{"start":{"line":325,"column":0},"end":{"line":325,"column":17}},"325":{"start":{"line":326,"column":0},"end":{"line":326,"column":23}},"326":{"start":{"line":327,"column":0},"end":{"line":327,"column":14}},"327":{"start":{"line":328,"column":0},"end":{"line":328,"column":15}},"328":{"start":{"line":329,"column":0},"end":{"line":329,"column":23}},"329":{"start":{"line":330,"column":0},"end":{"line":330,"column":25}},"330":{"start":{"line":331,"column":0},"end":{"line":331,"column":40}},"331":{"start":{"line":332,"column":0},"end":{"line":332,"column":7}},"332":{"start":{"line":333,"column":0},"end":{"line":333,"column":15}},"333":{"start":{"line":334,"column":0},"end":{"line":334,"column":52}},"334":{"start":{"line":335,"column":0},"end":{"line":335,"column":56}},"335":{"start":{"line":336,"column":0},"end":{"line":336,"column":73}},"336":{"start":{"line":337,"column":0},"end":{"line":337,"column":3}},"337":{"start":{"line":338,"column":0},"end":{"line":338,"column":3}},"338":{"start":{"line":339,"column":0},"end":{"line":339,"column":0}},"339":{"start":{"line":340,"column":0},"end":{"line":340,"column":46}},"340":{"start":{"line":341,"column":0},"end":{"line":341,"column":7}},"341":{"start":{"line":342,"column":0},"end":{"line":342,"column":37}},"342":{"start":{"line":343,"column":0},"end":{"line":343,"column":14}},"343":{"start":{"line":344,"column":0},"end":{"line":344,"column":47}},"344":{"start":{"line":345,"column":0},"end":{"line":345,"column":5}},"345":{"start":{"line":346,"column":0},"end":{"line":346,"column":51}},"346":{"start":{"line":347,"column":0},"end":{"line":347,"column":15}},"347":{"start":{"line":348,"column":0},"end":{"line":348,"column":63}},"348":{"start":{"line":349,"column":0},"end":{"line":349,"column":45}},"349":{"start":{"line":350,"column":0},"end":{"line":350,"column":3}},"350":{"start":{"line":351,"column":0},"end":{"line":351,"column":3}},"351":{"start":{"line":352,"column":0},"end":{"line":352,"column":0}},"352":{"start":{"line":353,"column":0},"end":{"line":353,"column":40}},"353":{"start":{"line":354,"column":0},"end":{"line":354,"column":29}},"354":{"start":{"line":355,"column":0},"end":{"line":355,"column":98}},"355":{"start":{"line":356,"column":0},"end":{"line":356,"column":92}},"356":{"start":{"line":357,"column":0},"end":{"line":357,"column":40}},"357":{"start":{"line":358,"column":0},"end":{"line":358,"column":34}},"358":{"start":{"line":359,"column":0},"end":{"line":359,"column":10}},"359":{"start":{"line":360,"column":0},"end":{"line":360,"column":72}},"360":{"start":{"line":361,"column":0},"end":{"line":361,"column":3}},"361":{"start":{"line":362,"column":0},"end":{"line":362,"column":9}},"362":{"start":{"line":363,"column":0},"end":{"line":363,"column":3}},"363":{"start":{"line":364,"column":0},"end":{"line":364,"column":29}},"364":{"start":{"line":365,"column":0},"end":{"line":365,"column":79}},"365":{"start":{"line":366,"column":0},"end":{"line":366,"column":42}},"366":{"start":{"line":367,"column":0},"end":{"line":367,"column":38}},"367":{"start":{"line":368,"column":0},"end":{"line":368,"column":3}},"368":{"start":{"line":369,"column":0},"end":{"line":369,"column":9}},"369":{"start":{"line":370,"column":0},"end":{"line":370,"column":3}},"370":{"start":{"line":371,"column":0},"end":{"line":371,"column":60}},"371":{"start":{"line":372,"column":0},"end":{"line":372,"column":0}},"372":{"start":{"line":373,"column":0},"end":{"line":373,"column":25}},"373":{"start":{"line":374,"column":0},"end":{"line":374,"column":50}},"374":{"start":{"line":375,"column":0},"end":{"line":375,"column":76}},"375":{"start":{"line":376,"column":0},"end":{"line":376,"column":83}},"376":{"start":{"line":377,"column":0},"end":{"line":377,"column":0}},"377":{"start":{"line":378,"column":0},"end":{"line":378,"column":21}},"378":{"start":{"line":379,"column":0},"end":{"line":379,"column":30}},"379":{"start":{"line":380,"column":0},"end":{"line":380,"column":27}},"380":{"start":{"line":381,"column":0},"end":{"line":381,"column":11}},"381":{"start":{"line":382,"column":0},"end":{"line":382,"column":24}},"382":{"start":{"line":383,"column":0},"end":{"line":383,"column":23}},"383":{"start":{"line":384,"column":0},"end":{"line":384,"column":78}},"384":{"start":{"line":385,"column":0},"end":{"line":385,"column":3}},"385":{"start":{"line":386,"column":0},"end":{"line":386,"column":29}},"386":{"start":{"line":387,"column":0},"end":{"line":387,"column":0}},"387":{"start":{"line":388,"column":0},"end":{"line":388,"column":72}},"388":{"start":{"line":389,"column":0},"end":{"line":389,"column":31}},"389":{"start":{"line":390,"column":0},"end":{"line":390,"column":27}},"390":{"start":{"line":391,"column":0},"end":{"line":391,"column":9}},"391":{"start":{"line":392,"column":0},"end":{"line":392,"column":24}},"392":{"start":{"line":393,"column":0},"end":{"line":393,"column":23}},"393":{"start":{"line":394,"column":0},"end":{"line":394,"column":72}},"394":{"start":{"line":395,"column":0},"end":{"line":395,"column":63}},"395":{"start":{"line":396,"column":0},"end":{"line":396,"column":3}},"396":{"start":{"line":397,"column":0},"end":{"line":397,"column":40}},"397":{"start":{"line":398,"column":0},"end":{"line":398,"column":43}},"398":{"start":{"line":399,"column":0},"end":{"line":399,"column":50}},"399":{"start":{"line":400,"column":0},"end":{"line":400,"column":0}},"400":{"start":{"line":401,"column":0},"end":{"line":401,"column":39}},"401":{"start":{"line":402,"column":0},"end":{"line":402,"column":23}},"402":{"start":{"line":403,"column":0},"end":{"line":403,"column":10}},"403":{"start":{"line":404,"column":0},"end":{"line":404,"column":41}},"404":{"start":{"line":405,"column":0},"end":{"line":405,"column":34}},"405":{"start":{"line":406,"column":0},"end":{"line":406,"column":62}},"406":{"start":{"line":407,"column":0},"end":{"line":407,"column":82}},"407":{"start":{"line":408,"column":0},"end":{"line":408,"column":49}},"408":{"start":{"line":409,"column":0},"end":{"line":409,"column":23}},"409":{"start":{"line":410,"column":0},"end":{"line":410,"column":14}},"410":{"start":{"line":411,"column":0},"end":{"line":411,"column":54}},"411":{"start":{"line":412,"column":0},"end":{"line":412,"column":7}},"412":{"start":{"line":413,"column":0},"end":{"line":413,"column":12}},"413":{"start":{"line":414,"column":0},"end":{"line":414,"column":51}},"414":{"start":{"line":415,"column":0},"end":{"line":415,"column":5}},"415":{"start":{"line":416,"column":0},"end":{"line":416,"column":3}},"416":{"start":{"line":417,"column":0},"end":{"line":417,"column":3}},"417":{"start":{"line":418,"column":0},"end":{"line":418,"column":0}},"418":{"start":{"line":419,"column":0},"end":{"line":419,"column":50}},"419":{"start":{"line":420,"column":0},"end":{"line":420,"column":42}},"420":{"start":{"line":421,"column":0},"end":{"line":421,"column":41}},"421":{"start":{"line":422,"column":0},"end":{"line":422,"column":123}},"422":{"start":{"line":423,"column":0},"end":{"line":423,"column":5}},"423":{"start":{"line":424,"column":0},"end":{"line":424,"column":79}},"424":{"start":{"line":425,"column":0},"end":{"line":425,"column":19}},"425":{"start":{"line":426,"column":0},"end":{"line":426,"column":88}},"426":{"start":{"line":427,"column":0},"end":{"line":427,"column":3}},"427":{"start":{"line":428,"column":0},"end":{"line":428,"column":9}},"428":{"start":{"line":429,"column":0},"end":{"line":429,"column":1}},"429":{"start":{"line":430,"column":0},"end":{"line":430,"column":0}},"430":{"start":{"line":431,"column":0},"end":{"line":431,"column":32}},"431":{"start":{"line":432,"column":0},"end":{"line":432,"column":49}},"432":{"start":{"line":433,"column":0},"end":{"line":433,"column":54}},"433":{"start":{"line":434,"column":0},"end":{"line":434,"column":43}},"434":{"start":{"line":435,"column":0},"end":{"line":435,"column":52}},"435":{"start":{"line":436,"column":0},"end":{"line":436,"column":17}},"436":{"start":{"line":437,"column":0},"end":{"line":437,"column":3}},"437":{"start":{"line":438,"column":0},"end":{"line":438,"column":14}},"438":{"start":{"line":439,"column":0},"end":{"line":439,"column":1}},"439":{"start":{"line":440,"column":0},"end":{"line":440,"column":0}},"440":{"start":{"line":441,"column":0},"end":{"line":441,"column":95}},"441":{"start":{"line":442,"column":0},"end":{"line":442,"column":7}},"442":{"start":{"line":443,"column":0},"end":{"line":443,"column":20}},"443":{"start":{"line":444,"column":0},"end":{"line":444,"column":29}},"444":{"start":{"line":445,"column":0},"end":{"line":445,"column":76}},"445":{"start":{"line":446,"column":0},"end":{"line":446,"column":7}},"446":{"start":{"line":447,"column":0},"end":{"line":447,"column":13}},"447":{"start":{"line":448,"column":0},"end":{"line":448,"column":5}},"448":{"start":{"line":449,"column":0},"end":{"line":449,"column":0}},"449":{"start":{"line":450,"column":0},"end":{"line":450,"column":31}},"450":{"start":{"line":451,"column":0},"end":{"line":451,"column":56}},"451":{"start":{"line":452,"column":0},"end":{"line":452,"column":85}},"452":{"start":{"line":453,"column":0},"end":{"line":453,"column":28}},"453":{"start":{"line":454,"column":0},"end":{"line":454,"column":18}},"454":{"start":{"line":455,"column":0},"end":{"line":455,"column":0}},"455":{"start":{"line":456,"column":0},"end":{"line":456,"column":61}},"456":{"start":{"line":457,"column":0},"end":{"line":457,"column":42}},"457":{"start":{"line":458,"column":0},"end":{"line":458,"column":42}},"458":{"start":{"line":459,"column":0},"end":{"line":459,"column":47}},"459":{"start":{"line":460,"column":0},"end":{"line":460,"column":54}},"460":{"start":{"line":461,"column":0},"end":{"line":461,"column":0}},"461":{"start":{"line":462,"column":0},"end":{"line":462,"column":38}},"462":{"start":{"line":463,"column":0},"end":{"line":463,"column":59}},"463":{"start":{"line":464,"column":0},"end":{"line":464,"column":0}},"464":{"start":{"line":465,"column":0},"end":{"line":465,"column":21}},"465":{"start":{"line":466,"column":0},"end":{"line":466,"column":20}},"466":{"start":{"line":467,"column":0},"end":{"line":467,"column":41}},"467":{"start":{"line":468,"column":0},"end":{"line":468,"column":17}},"468":{"start":{"line":469,"column":0},"end":{"line":469,"column":7}},"469":{"start":{"line":470,"column":0},"end":{"line":470,"column":0}},"470":{"start":{"line":471,"column":0},"end":{"line":471,"column":15}},"471":{"start":{"line":472,"column":0},"end":{"line":472,"column":55}},"472":{"start":{"line":473,"column":0},"end":{"line":473,"column":27}},"473":{"start":{"line":474,"column":0},"end":{"line":474,"column":77}},"474":{"start":{"line":475,"column":0},"end":{"line":475,"column":5}},"475":{"start":{"line":476,"column":0},"end":{"line":476,"column":3}},"476":{"start":{"line":477,"column":0},"end":{"line":477,"column":3}},"477":{"start":{"line":478,"column":0},"end":{"line":478,"column":0}},"478":{"start":{"line":479,"column":0},"end":{"line":479,"column":50}},"479":{"start":{"line":480,"column":0},"end":{"line":480,"column":7}},"480":{"start":{"line":481,"column":0},"end":{"line":481,"column":72}},"481":{"start":{"line":482,"column":0},"end":{"line":482,"column":30}},"482":{"start":{"line":483,"column":0},"end":{"line":483,"column":63}},"483":{"start":{"line":484,"column":0},"end":{"line":484,"column":23}},"484":{"start":{"line":485,"column":0},"end":{"line":485,"column":32}},"485":{"start":{"line":486,"column":0},"end":{"line":486,"column":155}},"486":{"start":{"line":487,"column":0},"end":{"line":487,"column":7}},"487":{"start":{"line":488,"column":0},"end":{"line":488,"column":32}},"488":{"start":{"line":489,"column":0},"end":{"line":489,"column":150}},"489":{"start":{"line":490,"column":0},"end":{"line":490,"column":7}},"490":{"start":{"line":491,"column":0},"end":{"line":491,"column":38}},"491":{"start":{"line":492,"column":0},"end":{"line":492,"column":54}},"492":{"start":{"line":493,"column":0},"end":{"line":493,"column":87}},"493":{"start":{"line":494,"column":0},"end":{"line":494,"column":116}},"494":{"start":{"line":495,"column":0},"end":{"line":495,"column":11}},"495":{"start":{"line":496,"column":0},"end":{"line":496,"column":9}},"496":{"start":{"line":497,"column":0},"end":{"line":497,"column":7}},"497":{"start":{"line":498,"column":0},"end":{"line":498,"column":5}},"498":{"start":{"line":499,"column":0},"end":{"line":499,"column":36}},"499":{"start":{"line":500,"column":0},"end":{"line":500,"column":42}},"500":{"start":{"line":501,"column":0},"end":{"line":501,"column":25}},"501":{"start":{"line":502,"column":0},"end":{"line":502,"column":0}},"502":{"start":{"line":503,"column":0},"end":{"line":503,"column":58}},"503":{"start":{"line":504,"column":0},"end":{"line":504,"column":23}},"504":{"start":{"line":505,"column":0},"end":{"line":505,"column":52}},"505":{"start":{"line":506,"column":0},"end":{"line":506,"column":22}},"506":{"start":{"line":507,"column":0},"end":{"line":507,"column":126}},"507":{"start":{"line":508,"column":0},"end":{"line":508,"column":5}},"508":{"start":{"line":509,"column":0},"end":{"line":509,"column":9}},"509":{"start":{"line":510,"column":0},"end":{"line":510,"column":45}},"510":{"start":{"line":511,"column":0},"end":{"line":511,"column":44}},"511":{"start":{"line":512,"column":0},"end":{"line":512,"column":64}},"512":{"start":{"line":513,"column":0},"end":{"line":513,"column":48}},"513":{"start":{"line":514,"column":0},"end":{"line":514,"column":31}},"514":{"start":{"line":515,"column":0},"end":{"line":515,"column":19}},"515":{"start":{"line":516,"column":0},"end":{"line":516,"column":126}},"516":{"start":{"line":517,"column":0},"end":{"line":517,"column":5}},"517":{"start":{"line":518,"column":0},"end":{"line":518,"column":0}},"518":{"start":{"line":519,"column":0},"end":{"line":519,"column":21}},"519":{"start":{"line":520,"column":0},"end":{"line":520,"column":105}},"520":{"start":{"line":521,"column":0},"end":{"line":521,"column":27}},"521":{"start":{"line":522,"column":0},"end":{"line":522,"column":75}},"522":{"start":{"line":523,"column":0},"end":{"line":523,"column":30}},"523":{"start":{"line":524,"column":0},"end":{"line":524,"column":27}},"524":{"start":{"line":525,"column":0},"end":{"line":525,"column":16}},"525":{"start":{"line":526,"column":0},"end":{"line":526,"column":26}},"526":{"start":{"line":527,"column":0},"end":{"line":527,"column":9}},"527":{"start":{"line":528,"column":0},"end":{"line":528,"column":14}},"528":{"start":{"line":529,"column":0},"end":{"line":529,"column":28}},"529":{"start":{"line":530,"column":0},"end":{"line":530,"column":25}},"530":{"start":{"line":531,"column":0},"end":{"line":531,"column":7}},"531":{"start":{"line":532,"column":0},"end":{"line":532,"column":5}},"532":{"start":{"line":533,"column":0},"end":{"line":533,"column":0}},"533":{"start":{"line":534,"column":0},"end":{"line":534,"column":19}},"534":{"start":{"line":535,"column":0},"end":{"line":535,"column":86}},"535":{"start":{"line":536,"column":0},"end":{"line":536,"column":99}},"536":{"start":{"line":537,"column":0},"end":{"line":537,"column":41}},"537":{"start":{"line":538,"column":0},"end":{"line":538,"column":49}},"538":{"start":{"line":539,"column":0},"end":{"line":539,"column":52}},"539":{"start":{"line":540,"column":0},"end":{"line":540,"column":63}},"540":{"start":{"line":541,"column":0},"end":{"line":541,"column":70}},"541":{"start":{"line":542,"column":0},"end":{"line":542,"column":64}},"542":{"start":{"line":543,"column":0},"end":{"line":543,"column":9}},"543":{"start":{"line":544,"column":0},"end":{"line":544,"column":68}},"544":{"start":{"line":545,"column":0},"end":{"line":545,"column":62}},"545":{"start":{"line":546,"column":0},"end":{"line":546,"column":9}},"546":{"start":{"line":547,"column":0},"end":{"line":547,"column":7}},"547":{"start":{"line":548,"column":0},"end":{"line":548,"column":5}},"548":{"start":{"line":549,"column":0},"end":{"line":549,"column":0}},"549":{"start":{"line":550,"column":0},"end":{"line":550,"column":23}},"550":{"start":{"line":551,"column":0},"end":{"line":551,"column":11}},"551":{"start":{"line":552,"column":0},"end":{"line":552,"column":30}},"552":{"start":{"line":553,"column":0},"end":{"line":553,"column":6}},"553":{"start":{"line":554,"column":0},"end":{"line":554,"column":58}},"554":{"start":{"line":555,"column":0},"end":{"line":555,"column":57}},"555":{"start":{"line":556,"column":0},"end":{"line":556,"column":0}},"556":{"start":{"line":557,"column":0},"end":{"line":557,"column":19}},"557":{"start":{"line":558,"column":0},"end":{"line":558,"column":59}},"558":{"start":{"line":559,"column":0},"end":{"line":559,"column":29}},"559":{"start":{"line":560,"column":0},"end":{"line":560,"column":27}},"560":{"start":{"line":561,"column":0},"end":{"line":561,"column":8}},"561":{"start":{"line":562,"column":0},"end":{"line":562,"column":12}},"562":{"start":{"line":563,"column":0},"end":{"line":563,"column":67}},"563":{"start":{"line":564,"column":0},"end":{"line":564,"column":20}},"564":{"start":{"line":565,"column":0},"end":{"line":565,"column":99}},"565":{"start":{"line":566,"column":0},"end":{"line":566,"column":31}},"566":{"start":{"line":567,"column":0},"end":{"line":567,"column":51}},"567":{"start":{"line":568,"column":0},"end":{"line":568,"column":97}},"568":{"start":{"line":569,"column":0},"end":{"line":569,"column":31}},"569":{"start":{"line":570,"column":0},"end":{"line":570,"column":45}},"570":{"start":{"line":571,"column":0},"end":{"line":571,"column":28}},"571":{"start":{"line":572,"column":0},"end":{"line":572,"column":72}},"572":{"start":{"line":573,"column":0},"end":{"line":573,"column":49}},"573":{"start":{"line":574,"column":0},"end":{"line":574,"column":55}},"574":{"start":{"line":575,"column":0},"end":{"line":575,"column":61}},"575":{"start":{"line":576,"column":0},"end":{"line":576,"column":76}},"576":{"start":{"line":577,"column":0},"end":{"line":577,"column":70}},"577":{"start":{"line":578,"column":0},"end":{"line":578,"column":15}},"578":{"start":{"line":579,"column":0},"end":{"line":579,"column":74}},"579":{"start":{"line":580,"column":0},"end":{"line":580,"column":68}},"580":{"start":{"line":581,"column":0},"end":{"line":581,"column":15}},"581":{"start":{"line":582,"column":0},"end":{"line":582,"column":13}},"582":{"start":{"line":583,"column":0},"end":{"line":583,"column":79}},"583":{"start":{"line":584,"column":0},"end":{"line":584,"column":65}},"584":{"start":{"line":585,"column":0},"end":{"line":585,"column":26}},"585":{"start":{"line":586,"column":0},"end":{"line":586,"column":38}},"586":{"start":{"line":587,"column":0},"end":{"line":587,"column":14}},"587":{"start":{"line":588,"column":0},"end":{"line":588,"column":60}},"588":{"start":{"line":589,"column":0},"end":{"line":589,"column":11}},"589":{"start":{"line":590,"column":0},"end":{"line":590,"column":9}},"590":{"start":{"line":591,"column":0},"end":{"line":591,"column":7}},"591":{"start":{"line":592,"column":0},"end":{"line":592,"column":60}},"592":{"start":{"line":593,"column":0},"end":{"line":593,"column":16}},"593":{"start":{"line":594,"column":0},"end":{"line":594,"column":21}},"594":{"start":{"line":595,"column":0},"end":{"line":595,"column":30}},"595":{"start":{"line":596,"column":0},"end":{"line":596,"column":16}},"596":{"start":{"line":597,"column":0},"end":{"line":597,"column":9}},"597":{"start":{"line":598,"column":0},"end":{"line":598,"column":5}},"598":{"start":{"line":599,"column":0},"end":{"line":599,"column":45}},"599":{"start":{"line":600,"column":0},"end":{"line":600,"column":15}},"600":{"start":{"line":601,"column":0},"end":{"line":601,"column":43}},"601":{"start":{"line":602,"column":0},"end":{"line":602,"column":27}},"602":{"start":{"line":603,"column":0},"end":{"line":603,"column":53}},"603":{"start":{"line":604,"column":0},"end":{"line":604,"column":5}},"604":{"start":{"line":605,"column":0},"end":{"line":605,"column":3}},"605":{"start":{"line":606,"column":0},"end":{"line":606,"column":3}},"606":{"start":{"line":607,"column":0},"end":{"line":607,"column":0}},"607":{"start":{"line":608,"column":0},"end":{"line":608,"column":32}},"608":{"start":{"line":609,"column":0},"end":{"line":609,"column":0}},"609":{"start":{"line":610,"column":0},"end":{"line":610,"column":11}},"610":{"start":{"line":611,"column":0},"end":{"line":611,"column":32}},"611":{"start":{"line":612,"column":0},"end":{"line":612,"column":43}},"612":{"start":{"line":613,"column":0},"end":{"line":613,"column":40}},"613":{"start":{"line":614,"column":0},"end":{"line":614,"column":32}},"614":{"start":{"line":615,"column":0},"end":{"line":615,"column":24}},"615":{"start":{"line":616,"column":0},"end":{"line":616,"column":39}},"616":{"start":{"line":617,"column":0},"end":{"line":617,"column":26}},"617":{"start":{"line":618,"column":0},"end":{"line":618,"column":60}},"618":{"start":{"line":619,"column":0},"end":{"line":619,"column":3}},"619":{"start":{"line":620,"column":0},"end":{"line":620,"column":0}},"620":{"start":{"line":621,"column":0},"end":{"line":621,"column":7}},"621":{"start":{"line":622,"column":0},"end":{"line":622,"column":72}},"622":{"start":{"line":623,"column":0},"end":{"line":623,"column":0}},"623":{"start":{"line":624,"column":0},"end":{"line":624,"column":47}},"624":{"start":{"line":625,"column":0},"end":{"line":625,"column":0}},"625":{"start":{"line":626,"column":0},"end":{"line":626,"column":27}},"626":{"start":{"line":627,"column":0},"end":{"line":627,"column":85}},"627":{"start":{"line":628,"column":0},"end":{"line":628,"column":23}},"628":{"start":{"line":629,"column":0},"end":{"line":629,"column":68}},"629":{"start":{"line":630,"column":0},"end":{"line":630,"column":5}},"630":{"start":{"line":631,"column":0},"end":{"line":631,"column":0}},"631":{"start":{"line":632,"column":0},"end":{"line":632,"column":20}},"632":{"start":{"line":633,"column":0},"end":{"line":633,"column":42}},"633":{"start":{"line":634,"column":0},"end":{"line":634,"column":61}},"634":{"start":{"line":635,"column":0},"end":{"line":635,"column":0}},"635":{"start":{"line":636,"column":0},"end":{"line":636,"column":18}},"636":{"start":{"line":637,"column":0},"end":{"line":637,"column":30}},"637":{"start":{"line":638,"column":0},"end":{"line":638,"column":56}},"638":{"start":{"line":639,"column":0},"end":{"line":639,"column":13}},"639":{"start":{"line":640,"column":0},"end":{"line":640,"column":12}},"640":{"start":{"line":641,"column":0},"end":{"line":641,"column":31}},"641":{"start":{"line":642,"column":0},"end":{"line":642,"column":11}},"642":{"start":{"line":643,"column":0},"end":{"line":643,"column":24}},"643":{"start":{"line":644,"column":0},"end":{"line":644,"column":27}},"644":{"start":{"line":645,"column":0},"end":{"line":645,"column":7}},"645":{"start":{"line":646,"column":0},"end":{"line":646,"column":0}},"646":{"start":{"line":647,"column":0},"end":{"line":647,"column":34}},"647":{"start":{"line":648,"column":0},"end":{"line":648,"column":42}},"648":{"start":{"line":649,"column":0},"end":{"line":649,"column":83}},"649":{"start":{"line":650,"column":0},"end":{"line":650,"column":110}},"650":{"start":{"line":651,"column":0},"end":{"line":651,"column":0}},"651":{"start":{"line":652,"column":0},"end":{"line":652,"column":31}},"652":{"start":{"line":653,"column":0},"end":{"line":653,"column":55}},"653":{"start":{"line":654,"column":0},"end":{"line":654,"column":17}},"654":{"start":{"line":655,"column":0},"end":{"line":655,"column":37}},"655":{"start":{"line":656,"column":0},"end":{"line":656,"column":6}},"656":{"start":{"line":657,"column":0},"end":{"line":657,"column":0}},"657":{"start":{"line":658,"column":0},"end":{"line":658,"column":45}},"658":{"start":{"line":659,"column":0},"end":{"line":659,"column":76}},"659":{"start":{"line":660,"column":0},"end":{"line":660,"column":80}},"660":{"start":{"line":661,"column":0},"end":{"line":661,"column":9}},"661":{"start":{"line":662,"column":0},"end":{"line":662,"column":76}},"662":{"start":{"line":663,"column":0},"end":{"line":663,"column":63}},"663":{"start":{"line":664,"column":0},"end":{"line":664,"column":24}},"664":{"start":{"line":665,"column":0},"end":{"line":665,"column":88}},"665":{"start":{"line":666,"column":0},"end":{"line":666,"column":5}},"666":{"start":{"line":667,"column":0},"end":{"line":667,"column":0}},"667":{"start":{"line":668,"column":0},"end":{"line":668,"column":66}},"668":{"start":{"line":669,"column":0},"end":{"line":669,"column":61}},"669":{"start":{"line":670,"column":0},"end":{"line":670,"column":51}},"670":{"start":{"line":671,"column":0},"end":{"line":671,"column":55}},"671":{"start":{"line":672,"column":0},"end":{"line":672,"column":0}},"672":{"start":{"line":673,"column":0},"end":{"line":673,"column":39}},"673":{"start":{"line":674,"column":0},"end":{"line":674,"column":55}},"674":{"start":{"line":675,"column":0},"end":{"line":675,"column":17}},"675":{"start":{"line":676,"column":0},"end":{"line":676,"column":51}},"676":{"start":{"line":677,"column":0},"end":{"line":677,"column":6}},"677":{"start":{"line":678,"column":0},"end":{"line":678,"column":0}},"678":{"start":{"line":679,"column":0},"end":{"line":679,"column":50}},"679":{"start":{"line":680,"column":0},"end":{"line":680,"column":51}},"680":{"start":{"line":681,"column":0},"end":{"line":681,"column":21}},"681":{"start":{"line":682,"column":0},"end":{"line":682,"column":52}},"682":{"start":{"line":683,"column":0},"end":{"line":683,"column":71}},"683":{"start":{"line":684,"column":0},"end":{"line":684,"column":48}},"684":{"start":{"line":685,"column":0},"end":{"line":685,"column":23}},"685":{"start":{"line":686,"column":0},"end":{"line":686,"column":7}},"686":{"start":{"line":687,"column":0},"end":{"line":687,"column":0}},"687":{"start":{"line":688,"column":0},"end":{"line":688,"column":114}},"688":{"start":{"line":689,"column":0},"end":{"line":689,"column":0}},"689":{"start":{"line":690,"column":0},"end":{"line":690,"column":17}},"690":{"start":{"line":691,"column":0},"end":{"line":691,"column":29}},"691":{"start":{"line":692,"column":0},"end":{"line":692,"column":53}},"692":{"start":{"line":693,"column":0},"end":{"line":693,"column":68}},"693":{"start":{"line":694,"column":0},"end":{"line":694,"column":5}},"694":{"start":{"line":695,"column":0},"end":{"line":695,"column":42}},"695":{"start":{"line":696,"column":0},"end":{"line":696,"column":59}},"696":{"start":{"line":697,"column":0},"end":{"line":697,"column":3}},"697":{"start":{"line":698,"column":0},"end":{"line":698,"column":3}},"698":{"start":{"line":699,"column":0},"end":{"line":699,"column":0}},"699":{"start":{"line":700,"column":0},"end":{"line":700,"column":8}},"700":{"start":{"line":701,"column":0},"end":{"line":701,"column":29}},"701":{"start":{"line":702,"column":0},"end":{"line":702,"column":43}},"702":{"start":{"line":703,"column":0},"end":{"line":703,"column":27}},"703":{"start":{"line":704,"column":0},"end":{"line":704,"column":24}},"704":{"start":{"line":705,"column":0},"end":{"line":705,"column":39}},"705":{"start":{"line":706,"column":0},"end":{"line":706,"column":26}},"706":{"start":{"line":707,"column":0},"end":{"line":707,"column":60}},"707":{"start":{"line":708,"column":0},"end":{"line":708,"column":3}},"708":{"start":{"line":709,"column":0},"end":{"line":709,"column":0}},"709":{"start":{"line":710,"column":0},"end":{"line":710,"column":7}},"710":{"start":{"line":711,"column":0},"end":{"line":711,"column":72}},"711":{"start":{"line":712,"column":0},"end":{"line":712,"column":0}},"712":{"start":{"line":713,"column":0},"end":{"line":713,"column":41}},"713":{"start":{"line":714,"column":0},"end":{"line":714,"column":0}},"714":{"start":{"line":715,"column":0},"end":{"line":715,"column":77}},"715":{"start":{"line":716,"column":0},"end":{"line":716,"column":16}},"716":{"start":{"line":717,"column":0},"end":{"line":717,"column":68}},"717":{"start":{"line":718,"column":0},"end":{"line":718,"column":5}},"718":{"start":{"line":719,"column":0},"end":{"line":719,"column":0}},"719":{"start":{"line":720,"column":0},"end":{"line":720,"column":66}},"720":{"start":{"line":721,"column":0},"end":{"line":721,"column":19}},"721":{"start":{"line":722,"column":0},"end":{"line":722,"column":68}},"722":{"start":{"line":723,"column":0},"end":{"line":723,"column":5}},"723":{"start":{"line":724,"column":0},"end":{"line":724,"column":0}},"724":{"start":{"line":725,"column":0},"end":{"line":725,"column":66}},"725":{"start":{"line":726,"column":0},"end":{"line":726,"column":86}},"726":{"start":{"line":727,"column":0},"end":{"line":727,"column":51}},"727":{"start":{"line":728,"column":0},"end":{"line":728,"column":55}},"728":{"start":{"line":729,"column":0},"end":{"line":729,"column":0}},"729":{"start":{"line":730,"column":0},"end":{"line":730,"column":39}},"730":{"start":{"line":731,"column":0},"end":{"line":731,"column":55}},"731":{"start":{"line":732,"column":0},"end":{"line":732,"column":30}},"732":{"start":{"line":733,"column":0},"end":{"line":733,"column":51}},"733":{"start":{"line":734,"column":0},"end":{"line":734,"column":6}},"734":{"start":{"line":735,"column":0},"end":{"line":735,"column":0}},"735":{"start":{"line":736,"column":0},"end":{"line":736,"column":50}},"736":{"start":{"line":737,"column":0},"end":{"line":737,"column":51}},"737":{"start":{"line":738,"column":0},"end":{"line":738,"column":21}},"738":{"start":{"line":739,"column":0},"end":{"line":739,"column":52}},"739":{"start":{"line":740,"column":0},"end":{"line":740,"column":71}},"740":{"start":{"line":741,"column":0},"end":{"line":741,"column":48}},"741":{"start":{"line":742,"column":0},"end":{"line":742,"column":23}},"742":{"start":{"line":743,"column":0},"end":{"line":743,"column":7}},"743":{"start":{"line":744,"column":0},"end":{"line":744,"column":0}},"744":{"start":{"line":745,"column":0},"end":{"line":745,"column":119}},"745":{"start":{"line":746,"column":0},"end":{"line":746,"column":0}},"746":{"start":{"line":747,"column":0},"end":{"line":747,"column":17}},"747":{"start":{"line":748,"column":0},"end":{"line":748,"column":39}},"748":{"start":{"line":749,"column":0},"end":{"line":749,"column":52}},"749":{"start":{"line":750,"column":0},"end":{"line":750,"column":3}},"750":{"start":{"line":751,"column":0},"end":{"line":751,"column":3}},"751":{"start":{"line":752,"column":0},"end":{"line":752,"column":0}},"752":{"start":{"line":753,"column":0},"end":{"line":753,"column":31}},"753":{"start":{"line":754,"column":0},"end":{"line":754,"column":43}},"754":{"start":{"line":755,"column":0},"end":{"line":755,"column":48}},"755":{"start":{"line":756,"column":0},"end":{"line":756,"column":18}},"756":{"start":{"line":757,"column":0},"end":{"line":757,"column":63}},"757":{"start":{"line":758,"column":0},"end":{"line":758,"column":3}},"758":{"start":{"line":759,"column":0},"end":{"line":759,"column":0}},"759":{"start":{"line":760,"column":0},"end":{"line":760,"column":65}},"760":{"start":{"line":761,"column":0},"end":{"line":761,"column":31}},"761":{"start":{"line":762,"column":0},"end":{"line":762,"column":68}},"762":{"start":{"line":763,"column":0},"end":{"line":763,"column":0}},"763":{"start":{"line":764,"column":0},"end":{"line":764,"column":94}},"764":{"start":{"line":765,"column":0},"end":{"line":765,"column":55}},"765":{"start":{"line":766,"column":0},"end":{"line":766,"column":83}},"766":{"start":{"line":767,"column":0},"end":{"line":767,"column":0}},"767":{"start":{"line":768,"column":0},"end":{"line":768,"column":32}},"768":{"start":{"line":769,"column":0},"end":{"line":769,"column":266}},"769":{"start":{"line":770,"column":0},"end":{"line":770,"column":0}},"770":{"start":{"line":771,"column":0},"end":{"line":771,"column":24}},"771":{"start":{"line":772,"column":0},"end":{"line":772,"column":3}},"772":{"start":{"line":773,"column":0},"end":{"line":773,"column":0}},"773":{"start":{"line":774,"column":0},"end":{"line":774,"column":34}},"774":{"start":{"line":775,"column":0},"end":{"line":775,"column":58}},"775":{"start":{"line":776,"column":0},"end":{"line":776,"column":43}},"776":{"start":{"line":777,"column":0},"end":{"line":777,"column":0}},"777":{"start":{"line":778,"column":0},"end":{"line":778,"column":34}},"778":{"start":{"line":779,"column":0},"end":{"line":779,"column":18}},"779":{"start":{"line":780,"column":0},"end":{"line":780,"column":14}},"780":{"start":{"line":781,"column":0},"end":{"line":781,"column":9}},"781":{"start":{"line":782,"column":0},"end":{"line":782,"column":83}},"782":{"start":{"line":783,"column":0},"end":{"line":783,"column":45}},"783":{"start":{"line":784,"column":0},"end":{"line":784,"column":37}},"784":{"start":{"line":785,"column":0},"end":{"line":785,"column":3}},"785":{"start":{"line":786,"column":0},"end":{"line":786,"column":0}},"786":{"start":{"line":787,"column":0},"end":{"line":787,"column":89}},"787":{"start":{"line":788,"column":0},"end":{"line":788,"column":100}},"788":{"start":{"line":789,"column":0},"end":{"line":789,"column":89}},"789":{"start":{"line":790,"column":0},"end":{"line":790,"column":0}},"790":{"start":{"line":791,"column":0},"end":{"line":791,"column":0}},"791":{"start":{"line":792,"column":0},"end":{"line":792,"column":23}},"792":{"start":{"line":793,"column":0},"end":{"line":793,"column":112}},"793":{"start":{"line":794,"column":0},"end":{"line":794,"column":59}},"794":{"start":{"line":795,"column":0},"end":{"line":795,"column":3}},"795":{"start":{"line":796,"column":0},"end":{"line":796,"column":0}},"796":{"start":{"line":797,"column":0},"end":{"line":797,"column":7}},"797":{"start":{"line":798,"column":0},"end":{"line":798,"column":50}},"798":{"start":{"line":799,"column":0},"end":{"line":799,"column":58}},"799":{"start":{"line":800,"column":0},"end":{"line":800,"column":67}},"800":{"start":{"line":801,"column":0},"end":{"line":801,"column":33}},"801":{"start":{"line":802,"column":0},"end":{"line":802,"column":70}},"802":{"start":{"line":803,"column":0},"end":{"line":803,"column":0}},"803":{"start":{"line":804,"column":0},"end":{"line":804,"column":31}},"804":{"start":{"line":805,"column":0},"end":{"line":8
[...]
1,"754":0,"755":0,"756":0,"757":0,"758":0,"759":0,"760":0,"761":0,"762":0,"763":0,"764":0,"765":0,"766":0,"767":0,"768":0,"769":0,"770":0,"771":1,"772":1,"773":1,"774":1,"775":0,"776":0,"777":0,"778":0,"779":0,"780":0,"781":0,"782":0,"783":0,"784":0,"785":0,"786":0,"787":0,"788":0,"789":0,"790":0,"791":0,"792":0,"793":0,"794":0,"795":0,"796":0,"797":0,"798":0,"799":0,"800":0,"801":0,"802":0,"803":0,"804":0,"805":0,"806":0,"807":0,"808":0,"809":0,"810":0,"811":0,"812":0,"813":0,"814":0,"815":0,"816":0,"817":0,"818":0,"819":0,"820":0,"821":0,"822":0,"823":0,"824":0,"825":0,"826":0,"827":0,"828":0,"829":0,"830":0,"831":0,"832":0,"833":0,"834":0,"835":0,"836":0,"837":0,"838":0,"839":0,"840":0,"841":0,"842":0,"843":0,"844":0,"845":0,"846":0,"847":0,"848":0,"849":0,"850":0,"851":0,"852":0,"853":0,"854":0,"855":0,"856":0,"857":0,"858":0,"859":0,"860":0,"861":0,"862":0,"863":0,"864":0,"865":0,"866":0,"867":0,"868":0,"869":0,"870":0,"871":0,"872":0,"873":0,"874":0,"875":0,"876":0,"877":0,"878":0,"879":0,"880":0,"881":0,"882":0,"883":1,"884":1,"885":1,"886":1,"887":1,"888":1,"889":0,"890":0,"891":0,"892":0,"893":0,"894":0,"895":0,"896":0,"897":0,"898":0,"899":0,"900":0,"901":0,"902":0,"903":0,"904":0,"905":0,"906":0,"907":0,"908":0,"909":0,"910":0,"911":0,"912":0,"913":0,"914":0,"915":0,"916":0,"917":0,"918":0,"919":0,"920":0,"921":0,"922":0,"923":0,"924":0,"925":0,"926":0,"927":0,"928":0,"929":1,"930":1,"931":1,"932":1,"933":1,"934":1,"935":0,"936":0,"937":0,"938":0,"939":0,"940":0,"941":0,"942":0,"943":0,"944":0,"945":0,"946":0,"947":0,"948":0,"949":0,"950":0,"951":0,"952":0,"953":0,"954":0,"955":0,"956":0,"957":0,"958":0,"959":0,"960":0,"961":0,"962":0,"963":0,"964":0,"965":0,"966":0,"967":0,"968":0,"969":0,"970":0,"971":0,"972":0,"973":0,"974":0,"975":0,"976":0,"977":0,"978":0,"979":0,"980":0,"981":0,"982":0,"983":0,"984":0,"985":1,"986":1,"987":1,"988":1,"989":0,"990":0,"991":0,"992":0,"993":0,"994":0,"995":0,"996":0,"997":0,"998":0,"999":0,"1000":0,"1001":0,"1002":0,"1003":0,"1004":0,"1005":0,"1006":0,"1007":0,"1008":0,"1009":0,"1010":0,"1011":0,"1012":0,"1013":0,"1014":0,"1015":0,"1016":0,"1017":0,"1018":0,"1019":0,"1020":0,"1021":0,"1022":0,"1023":0,"1024":0,"1025":0,"1026":0,"1027":0,"1028":0,"1029":1,"1030":1,"1031":1,"1032":1,"1033":0,"1034":0,"1035":0,"1036":0,"1037":0,"1038":0,"1039":0,"1040":0,"1041":0,"1042":0,"1043":0,"1044":0,"1045":0,"1046":0,"1047":0,"1048":0,"1049":0,"1050":0,"1051":0,"1052":0,"1053":0,"1054":0,"1055":0,"1056":0,"1057":0,"1058":0,"1059":0,"1060":0,"1061":0,"1062":0,"1063":0,"1064":0,"1065":0,"1066":0,"1067":0,"1068":0,"1069":0,"1070":0,"1071":0,"1072":0,"1073":0,"1074":0,"1075":1,"1076":1,"1077":1,"1078":1,"1079":0,"1080":0,"1081":0,"1082":0,"1083":0,"1084":0,"1085":0,"1086":0,"1087":0,"1088":0,"1089":0,"1090":0,"1091":0,"1092":0,"1093":0,"1094":0,"1095":0,"1096":0,"1097":0,"1098":0,"1099":0,"1100":0,"1101":0,"1102":0,"1103":0,"1104":0,"1105":1,"1106":1,"1107":1,"1108":1,"1109":0,"1110":0,"1111":0,"1112":0,"1113":0,"1114":0,"1115":0,"1116":0,"1117":0,"1118":0,"1119":0,"1120":0,"1121":0,"1122":0,"1123":0,"1124":0,"1125":0,"1126":0,"1127":0,"1128":0,"1129":0,"1130":0,"1131":0,"1132":1,"1133":1,"1134":1,"1135":1,"1136":1,"1137":0,"1138":0,"1139":0,"1140":0,"1141":0,"1142":0,"1143":0,"1144":0,"1145":0,"1146":0,"1147":0,"1148":0,"1149":0,"1150":0,"1151":0,"1152":0,"1153":0,"1154":0,"1155":0,"1156":0,"1157":0,"1158":0,"1159":0,"1160":0,"1161":0,"1162":0,"1163":0,"1164":0,"1165":0,"1166":0,"1167":0,"1168":0,"1169":0,"1170":1,"1171":1,"1172":1,"1173":1,"1174":1,"1175":2,"1176":2,"1177":2,"1178":2,"1179":2,"1180":2,"1181":2,"1182":2,"1183":2,"1184":2,"1185":2,"1186":14,"1187":2,"1188":2,"1189":14,"1190":2,"1191":2,"1192":0,"1193":0,"1194":2,"1195":2,"1196":2,"1197":2,"1198":2,"1199":2,"1200":2,"1201":2,"1202":2,"1203":1,"1204":1,"1205":7,"1206":1,"1207":1,"1208":7,"1209":1,"1210":1,"1211":1,"1212":1,"1213":1,"1214":2,"1215":2,"1216":0,"1217":0,"1218":2,"1219":2,"1220":2,"1221":2,"1222":0,"1223":0,"1224":0,"1225":1,"1226":1,"1227":1,"1228":1,"1229":0,"1230":0,"1231":0,"1232":0,"1233":0,"1234":0,"1235":0,"1236":0,"1237":0,"1238":0,"1239":0,"1240":0,"1241":0,"1242":0,"1243":0,"1244":0,"1245":0,"1246":0,"1247":0,"1248":0,"1249":0,"1250":1,"1251":1,"1252":1,"1253":1,"1254":1,"1255":1,"1256":0,"1257":0,"1258":0,"1259":0,"1260":0,"1261":0,"1262":0,"1263":0,"1264":0,"1265":0,"1266":0,"1267":1,"1268":1,"1269":1,"1270":1,"1271":0,"1272":0,"1273":0,"1274":0,"1275":0,"1276":0,"1277":0,"1278":0,"1279":0,"1280":0,"1281":0,"1282":0,"1283":0,"1284":0,"1285":0,"1286":1,"1287":1,"1288":1,"1289":1,"1290":0,"1291":0,"1292":0,"1293":0,"1294":0,"1295":0,"1296":0,"1297":0,"1298":0,"1299":0,"1300":0,"1301":0,"1302":0,"1303":0,"1304":0,"1305":0,"1306":0,"1307":0,"1308":0,"1309":0,"1310":0,"1311":0,"1312":0,"1313":0,"1314":0,"1315":0,"1316":0,"1317":0,"1318":0,"1319":0,"1320":0,"1321":0,"1322":0,"1323":0,"1324":0,"1325":0,"1326":0,"1327":0,"1328":0,"1329":0,"1330":0,"1331":0,"1332":0,"1333":0,"1334":0,"1335":0,"1336":0,"1337":0,"1338":0,"1339":0,"1340":0,"1341":0,"1342":0,"1343":0,"1344":0,"1345":0,"1346":0,"1347":0,"1348":0,"1349":0,"1350":0,"1351":0,"1352":0,"1353":0,"1354":0,"1355":0,"1356":0,"1357":0,"1358":0,"1359":0,"1360":0,"1361":0,"1362":0,"1363":0,"1364":0,"1365":0,"1366":0,"1367":0,"1368":0,"1369":0,"1370":0,"1371":0,"1372":0,"1373":0,"1374":0,"1375":0,"1376":0,"1377":0,"1378":0,"1379":0,"1380":0,"1381":0,"1382":0,"1383":0,"1384":0,"1385":1,"1386":1,"1387":1,"1388":1,"1389":0,"1390":0,"1391":0,"1392":0,"1393":0,"1394":0,"1395":0,"1396":0,"1397":0,"1398":0,"1399":0,"1400":1,"1401":1,"1402":1,"1403":1,"1404":0,"1405":0,"1406":0,"1407":0,"1408":0,"1409":0,"1410":0,"1411":0,"1412":0,"1413":0,"1414":0,"1415":1,"1416":1,"1417":1,"1418":1,"1419":0,"1420":0,"1421":0,"1422":0,"1423":0,"1424":0,"1425":0,"1426":0,"1427":0,"1428":0,"1429":0,"1430":1,"1431":1,"1432":1,"1433":1,"1434":0,"1435":0,"1436":0,"1437":0,"1438":0,"1439":0,"1440":0,"1441":0,"1442":0,"1443":0,"1444":0,"1445":1,"1446":1,"1447":1,"1448":1,"1449":0,"1450":0,"1451":0,"1452":0,"1453":0,"1454":0,"1455":0,"1456":0,"1457":0,"1458":0,"1459":0,"1460":0,"1461":0,"1462":0,"1463":0,"1464":0,"1465":0,"1466":0,"1467":0,"1468":0,"1469":0,"1470":0,"1471":0,"1472":0,"1473":0,"1474":0,"1475":0,"1476":0,"1477":0,"1478":0,"1479":0,"1480":0,"1481":0,"1482":0,"1483":0,"1484":0,"1485":0,"1486":0,"1487":0,"1488":0,"1489":0,"1490":0,"1491":0,"1492":0,"1493":0,"1494":1,"1495":1,"1496":1,"1497":1,"1498":0,"1499":0,"1500":0,"1501":0,"1502":0,"1503":0,"1504":0,"1505":0,"1506":0,"1507":0,"1508":0,"1509":0,"1510":0,"1511":0,"1512":0,"1513":0,"1514":0,"1515":0,"1516":0,"1517":0,"1518":0,"1519":0,"1520":0,"1521":0,"1522":0,"1523":0,"1524":0,"1525":1,"1526":1,"1527":1,"1528":0,"1529":0,"1530":0,"1531":0,"1532":0,"1533":0,"1534":0,"1535":0,"1536":0,"1537":0,"1538":0,"1539":0,"1540":0,"1541":1,"1542":1,"1543":1,"1544":1,"1545":0,"1546":0,"1547":0,"1548":0,"1549":0,"1550":0,"1551":0,"1552":0,"1553":0,"1554":0,"1555":0,"1556":0,"1557":0,"1558":0,"1559":0,"1560":0,"1561":0,"1562":0,"1563":0,"1564":0,"1565":0,"1566":0,"1567":0,"1568":1,"1569":1,"1570":1,"1571":1,"1572":0,"1573":0,"1574":0,"1575":0,"1576":0,"1577":0,"1578":0,"1579":0,"1580":0,"1581":0,"1582":0,"1583":0,"1584":0,"1585":0,"1586":0,"1587":0,"1588":0,"1589":0,"1590":0,"1591":0,"1592":0,"1593":0,"1594":0,"1595":0,"1596":0,"1597":0,"1598":0,"1599":0,"1600":0,"1601":0,"1602":0,"1603":0,"1604":0,"1605":0,"1606":0,"1607":0,"1608":0,"1609":0,"1610":0,"1611":0,"1612":0,"1613":0,"1614":0,"1615":0,"1616":0,"1617":0,"1618":0,"1619":0,"1620":0,"1621":0,"1622":0,"1623":0,"1624":0,"1625":0,"1626":0,"1627":0,"1628":0,"1629":0,"1630":0,"1631":0,"1632":0,"1633":0,"1634":0,"1635":0,"1636":0,"1637":0,"1638":0,"1639":1,"1640":1,"1641":1,"1642":1,"1643":0,"1644":0,"1645":0,"1646":0,"1647":0,"1648":0,"1649":0,"1650":0,"1651":0,"1652":0,"1653":0,"1654":0,"1655":1,"1656":1,"1657":1,"1658":0,"1659":0,"1660":0,"1661":0,"1662":0,"1663":0,"1664":0,"1665":0,"1666":0,"1667":0,"1668":0,"1669":0,"1670":0,"1671":0,"1672":0,"1673":0,"1674":0,"1675":0,"1676":0,"1677":0,"1678":0,"1679":0,"1680":0,"1681":0,"1682":0,"1683":0,"1684":0,"1685":0,"1686":0,"1687":0,"1688":0,"1689":0,"1690":0,"1691":0,"1692":0,"1693":0,"1694":0,"1695":0,"1696":0,"1697":0,"1698":1,"1699":1,"1700":1,"1701":0,"1702":0,"1703":0,"1704":0,"1705":0,"1706":1,"1707":1,"1708":1,"1709":0,"1710":0,"1711":0,"1712":0,"1713":0,"1714":1,"1715":1,"1716":1,"1717":1,"1718":1,"1719":1,"1720":1,"1721":0,"1722":0,"1723":0,"1724":0,"1725":0,"1726":0,"1727":1,"1728":1,"1729":1,"1730":1,"1731":1,"1732":1,"1733":1,"1734":1,"1735":1,"1736":1,"1737":1,"1738":1,"1739":1,"1740":1,"1741":1,"1742":1,"1743":1,"1744":0,"1745":0,"1746":0,"1747":0,"1748":0,"1749":0,"1750":0,"1751":0,"1752":0,"1753":0,"1754":0,"1755":0,"1756":0,"1757":0,"1758":0,"1759":0,"1760":0,"1761":0,"1762":0,"1763":0,"1764":0,"1765":0,"1766":0,"1767":0,"1768":0,"1769":0,"1770":0,"1771":0,"1772":0,"1773":0,"1774":0,"1775":0,"1776":0,"1777":0,"1778":0,"1779":0,"1780":0,"1781":0,"1782":0,"1783":0,"1784":0,"1785":0,"1786":0,"1787":0,"1788":0,"1789":0,"1790":0,"1791":0,"1792":0,"1793":0,"1794":0,"1795":0,"1796":0,"1797":0,"1798":0,"1799":0,"1800":0,"1801":0,"1802":0,"1803":0,"1804":0,"1805":0,"1806":0,"1807":0,"1808":0,"1809":0,"1810":1,"1811":1,"1812":1,"1813":1,"1814":1,"1815":1,"1816":1,"1817":1,"1818":1,"1819":0,"1820":0,"1821":0,"1822":0,"1823":0,"1824":1,"1825":1},"branchMap":{"0":{"type":"branch","line":41,"loc":{"start":{"line":41,"column":57},"end":{"line":41,"column":61}},"locations":[{"start":{"line":41,"column":57},"end":{"line":41,"column":61}}]},"1":{"type":"branch","line":74,"loc":{"start":{"line":74,"column":41},"end":{"line":74,"column":72}},"locations":[{"start":{"line":74,"column":41},"end":{"line":74,"column":72}}]},"2":{"type":"branch","line":74,"loc":{"start":{"line":74,"column":74},"end":{"line":76,"column":1}},"locations":[{"start":{"line":74,"column":74},"end":{"line":76,"column":1}}]},"3":{"type":"branch","line":375,"loc":{"start":{"line":375,"column":31},"end":{"line":375,"column":76}},"locations":[{"start":{"line":375,"column":31},"end":{"line":375,"column":76}}]},"4":{"type":"branch","line":1819,"loc":{"start":{"line":1819,"column":29},"end":{"line":1824,"column":1}},"locations":[{"start":{"line":1819,"column":29},"end":{"line":1824,"column":1}}]},"5":{"type":"branch","line":50,"loc":{"start":{"line":50,"column":8},"end":{"line":53,"column":2}},"locations":[{"start":{"line":50,"column":8},"end":{"line":53,"column":2}}]},"6":{"type":"branch","line":58,"loc":{"start":{"line":58,"column":26},"end":{"line":58,"column":72}},"locations":[{"start":{"line":58,"column":26},"end":{"line":58,"column":72}}]},"7":{"type":"branch","line":59,"loc":{"start":{"line":59,"column":25},"end":{"line":59,"column":71}},"locations":[{"start":{"line":59,"column":25},"end":{"line":59,"column":71}}]},"8":{"type":"branch","line":71,"loc":{"start":{"line":71,"column":74},"end":{"line":71,"column":87}},"locations":[{"start":{"line":71,"column":74},"end":{"line":71,"column":87}}]},"9":{"type":"branch","line":79,"loc":{"start":{"line":79,"column":10},"end":{"line":85,"column":3}},"locations":[{"start":{"line":79,"column":10},"end":{"line":85,"column":3}}]},"10":{"type":"branch","line":81,"loc":{"start":{"line":81,"column":38},"end":{"line":85,"column":3}},"locations":[{"start":{"line":81,"column":38},"end":{"line":85,"column":3}}]},"11":{"type":"branch","line":103,"loc":{"start":{"line":103,"column":8},"end":{"line":123,"column":4}},"locations":[{"start":{"line":103,"column":8},"end":{"line":123,"column":4}}]},"12":{"type":"branch","line":109,"loc":{"start":{"line":109,"column":94},"end":{"line":120,"column":6}},"locations":[{"start":{"line":109,"column":94},"end":{"line":120,"column":6}}]},"13":{"type":"branch","line":354,"loc":{"start":{"line":354,"column":8},"end":{"line":363,"column":2}},"locations":[{"start":{"line":354,"column":8},"end":{"line":363,"column":2}}]},"14":{"type":"branch","line":355,"loc":{"start":{"line":355,"column":97},"end":{"line":359,"column":3}},"locations":[{"start":{"line":355,"column":97},"end":{"line":359,"column":3}}]},"15":{"type":"branch","line":364,"loc":{"start":{"line":364,"column":8},"end":{"line":370,"column":2}},"locations":[{"start":{"line":364,"column":8},"end":{"line":370,"column":2}}]},"16":{"type":"branch","line":365,"loc":{"start":{"line":365,"column":32},"end":{"line":365,"column":76}},"locations":[{"start":{"line":365,"column":32},"end":{"line":365,"column":76}}]},"17":{"type":"branch","line":365,"loc":{"start":{"line":365,"column":78},"end":{"line":368,"column":3}},"locations":[{"start":{"line":365,"column":78},"end":{"line":368,"column":3}}]},"18":{"type":"branch","line":1175,"loc":{"start":{"line":1175,"column":61},"end":{"line":1226,"column":2}},"locations":[{"start":{"line":1175,"column":61},"end":{"line":1226,"column":2}}]},"19":{"type":"branch","line":1177,"loc":{"start":{"line":1177,"column":13},"end":{"line":1177,"column":72}},"locations":[{"start":{"line":1177,"column":13},"end":{"line":1177,"column":72}}]},"20":{"type":"branch","line":1186,"loc":{"start":{"line":1186,"column":37},"end":{"line":1190,"column":5}},"locations":[{"start":{"line":1186,"column":37},"end":{"line":1190,"column":5}}]},"21":{"type":"branch","line":1187,"loc":{"start":{"line":1187,"column":39},"end":{"line":1189,"column":7}},"locations":[{"start":{"line":1187,"column":39},"end":{"line":1189,"column":7}}]},"22":{"type":"branch","line":1192,"loc":{"start":{"line":1192,"column":43},"end":{"line":1194,"column":5}},"locations":[{"start":{"line":1192,"column":43},"end":{"line":1194,"column":5}}]},"23":{"type":"branch","line":1203,"loc":{"start":{"line":1203,"column":30},"end":{"line":1214,"column":5}},"locations":[{"start":{"line":1203,"column":30},"end":{"line":1214,"column":5}}]},"24":{"type":"branch","line":1205,"loc":{"start":{"line":1205,"column":39},"end":{"line":1209,"column":7}},"locations":[{"start":{"line":1205,"column":39},"end":{"line":1209,"column":7}}]},"25":{"type":"branch","line":1206,"loc":{"start":{"line":1206,"column":41},"end":{"line":1208,"column":9}},"locations":[{"start":{"line":1206,"column":41},"end":{"line":1208,"column":9}}]},"26":{"type":"branch","line":1216,"loc":{"start":{"line":1216,"column":30},"end":{"line":1218,"column":5}},"locations":[{"start":{"line":1216,"column":30},"end":{"line":1218,"column":5}}]},"27":{"type":"branch","line":1222,"loc":{"start":{"line":1222,"column":4},"end":{"line":1225,"column":3}},"locations":[{"start":{"line":1222,"column":4},"end":{"line":1225,"column":3}}]}},"b":{"0":[0],"1":[0],"2":[0],"3":[0],"4":[0],"5":[3],"6":[3],"7":[3],"8":[1],"9":[3],"10":[0],"11":[1],"12":[0],"13":[3],"14":[0],"15":[3],"16":[0],"17":[0],"18":[2],"19":[0],"20":[14],"21":[2],"22":[0],"23":[1],"24":[7],"25":[1],"26":[0],"27":[0]},"fnMap":{"0":{"name":"Object.<anonymous>.app.use.helmet.contentSecurityPolicy.directives.scriptSrc","decl":{"start":{"line":58,"column":26},"end":{"line":58,"column":72}},"loc":{"start":{"line":58,"column":26},"end":{"line":58,"column":72}},"line":58},"1":{"name":"Object.<anonymous>.app.use.helmet.contentSecurityPolicy.directives.styleSrc","decl":{"start":{"line":59,"column":25},"end":{"line":59,"column":71}},"loc":{"start":{"line":59,"column":25},"end":{"line":59,"column":71}},"line":59},"2":{"name":"origin","decl":{"start":{"line":79,"column":10},"end":{"line":85,"column":3}},"loc":{"start":{"line":79,"column":10},"end":{"line":85,"column":3}},"line":79},"3":{"name":"absoluteBaseUrl","decl":{"start":{"line":129,"column":0},"end":{"line":135,"column":1}},"loc":{"start":{"line":129,"column":0},"end":{"line":135,"column":1}},"line":129},"4":{"name":"sanitizeInputs","decl":{"start":{"line":143,"column":0},"end":{"line":164,"column":1}},"loc":{"start":{"line":143,"column":0},"end":{"line":164,"column":1}},"line":143},"5":{"name":"fileFilter","decl":{"start":{"line":405,"column":14},"end":{"line":416,"column":3}},"loc":{"start":{"line":405,"column":14},"end":{"line":416,"column":3}},"line":405},"6":{"name":"handleMulterErrors","decl":{"start":{"line":419,"column":0},"end":{"line":429,"column":1}},"loc":{"start":{"line":419,"column":0},"end":{"line":429,"column":1}},"line":419},"7":{"name":"assertAdmin","decl":{"start":{"line":431,"column":0},"end":{"line":439,"column":1}},"loc":{"start":{"line":431,"column":0},"end":{"line":439,"column":1}},"line":431}},"f":{"0":3,"1":3,"2":3,"3":0,"4":0,"5":0,"6":0,"7":0}}
,"C:\\Users\\TheFo\\Downloads\\nfc\\utils\\tokens.js": {"path":"C:\\Users\\TheFo\\Downloads\\nfc\\utils\\tokens.js","all":false,"statementMap":{"0":{"start":{"line":1,"column":0},"end":{"line":1,"column":18}},"1":{"start":{"line":2,"column":0},"end":{"line":2,"column":36}},"2":{"start":{"line":3,"column":0},"end":{"line":3,"column":33}},"3":{"start":{"line":4,"column":0},"end":{"line":4,"column":36}},"4":{"start":{"line":5,"column":0},"end":{"line":5,"column":0}},"5":{"start":{"line":6,"column":0},"end":{"line":6,"column":3}},"6":{"start":{"line":7,"column":0},"end":{"line":7,"column":37}},"7":{"start":{"line":8,"column":0},"end":{"line":8,"column":54}},"8":{"start":{"line":9,"column":0},"end":{"line":9,"column":30}},"9":{"start":{"line":10,"column":0},"end":{"line":10,"column":3}},"10":{"start":{"line":11,"column":0},"end":{"line":11,"column":37}},"11":{"start":{"line":12,"column":0},"end":{"line":12,"column":37}},"12":{"start":{"line":13,"column":0},"end":{"line":13,"column":91}},"13":{"start":{"line":14,"column":0},"end":{"line":14,"column":59}},"14":{"start":{"line":15,"column":0},"end":{"line":15,"column":1}},"15":{"start":{"line":16,"column":0},"end":{"line":16,"column":0}},"16":{"start":{"line":17,"column":0},"end":{"line":17,"column":3}},"17":{"start":{"line":18,"column":0},"end":{"line":18,"column":44}},"18":{"start":{"line":19,"column":0},"end":{"line":19,"column":37}},"19":{"start":{"line":20,"column":0},"end":{"line":20,"column":3}},"20":{"start":{"line":21,"column":0},"end":{"line":21,"column":31}},"21":{"start":{"line":22,"column":0},"end":{"line":22,"column":50}},"22":{"start":{"line":23,"column":0},"end":{"line":23,"column":1}},"23":{"start":{"line":24,"column":0},"end":{"line":24,"column":0}},"24":{"start":{"line":25,"column":0},"end":{"line":25,"column":3}},"25":{"start":{"line":26,"column":0},"end":{"line":26,"column":52}},"26":{"start":{"line":27,"column":0},"end":{"line":27,"column":45}},"27":{"start":{"line":28,"column":0},"end":{"line":28,"column":38}},"28":{"start":{"line":29,"column":0},"end":{"line":29,"column":3}},"29":{"start":{"line":30,"column":0},"end":{"line":30,"column":27}},"30":{"start":{"line":31,"column":0},"end":{"line":31,"column":67}},"31":{"start":{"line":32,"column":0},"end":{"line":32,"column":1}},"32":{"start":{"line":33,"column":0},"end":{"line":33,"column":0}},"33":{"start":{"line":34,"column":0},"end":{"line":34,"column":18}},"34":{"start":{"line":35,"column":0},"end":{"line":35,"column":22}},"35":{"start":{"line":36,"column":0},"end":{"line":36,"column":23}},"36":{"start":{"line":37,"column":0},"end":{"line":37,"column":13}},"37":{"start":{"line":38,"column":0},"end":{"line":38,"column":2}}},"s":{"0":1,"1":1,"2":1,"3":1,"4":1,"5":1,"6":1,"7":1,"8":1,"9":1,"10":0,"11":0,"12":0,"13":0,"14":0,"15":1,"16":1,"17":1,"18":1,"19":1,"20":0,"21":0,"22":0,"23":1,"24":1,"25":1,"26":1,"27":1,"28":1,"29":0,"30":0,"31":0,"32":1,"33":1,"34":1,"35":1,"36":1,"37":1},"branchMap":{},"b":{},"fnMap":{"0":{"name":"createAccessToken","decl":{"start":{"line":11,"column":0},"end":{"line":15,"column":1}},"loc":{"start":{"line":11,"column":0},"end":{"line":15,"column":1}},"line":11},"1":{"name":"createRefreshToken","decl":{"start":{"line":21,"column":0},"end":{"line":23,"column":1}},"loc":{"start":{"line":21,"column":0},"end":{"line":23,"column":1}},"line":21},"2":{"name":"hashToken","decl":{"start":{"line":30,"column":0},"end":{"line":32,"column":1}},"loc":{"start":{"line":30,"column":0},"end":{"line":32,"column":1}},"line":30}},"f":{"0":0,"1":0,"2":0}}
}
